\BOOKMARK [0][-]{chapter.1}{Maze Definition}{}% 1
\BOOKMARK [0][-]{chapter.2}{System}{}% 2
\BOOKMARK [1][-]{section.2.1}{Definition}{chapter.2}% 3
\BOOKMARK [1][-]{section.2.2}{Modeling of System}{chapter.2}% 4
\BOOKMARK [0][-]{chapter.3}{Discrete Events Systems}{}% 5
\BOOKMARK [1][-]{section.3.1}{Definition of Discrete Event systems}{chapter.3}% 6
\BOOKMARK [1][-]{section.3.2}{DES and finite state}{chapter.3}% 7
\BOOKMARK [1][-]{section.3.3}{Introduction of DES in labyrinth}{chapter.3}% 8
\BOOKMARK [0][-]{chapter.4}{Automaton}{}% 9
\BOOKMARK [1][-]{section.4.1}{Definition and Representation of an Automaton}{chapter.4}% 10
\BOOKMARK [1][-]{section.4.2}{Formal representation of an deterministic automaton}{chapter.4}% 11
\BOOKMARK [1][-]{section.4.3}{Formal representation of a nondeterministic automaton}{chapter.4}% 12
\BOOKMARK [2][-]{subsection.4.3.1}{Language Notation and Definitions}{section.4.3}% 13
\BOOKMARK [2][-]{subsection.4.3.2}{Languages Represented by Automata}{section.4.3}% 14
\BOOKMARK [2][-]{subsection.4.3.3}{Operations}{section.4.3}% 15
\BOOKMARK [2][-]{subsection.4.3.4}{Properties}{section.4.3}% 16
\BOOKMARK [2][-]{subsection.4.3.5}{Composition Operations}{section.4.3}% 17
\BOOKMARK [2][-]{subsection.4.3.6}{Modeling a system with Automata - Inspired by the Supervisory Command}{section.4.3}% 18
\BOOKMARK [1][-]{section.4.4}{Implementation by sequential system blocks}{chapter.4}% 19
\BOOKMARK [0][-]{chapter.5}{Verification and validation}{}% 20
\BOOKMARK [1][-]{section.5.1}{Approach methods}{chapter.5}% 21
\BOOKMARK [2][-]{subsection.5.1.1}{Inductive Approach}{section.5.1}% 22
\BOOKMARK [2][-]{subsection.5.1.2}{Deductive Approach}{section.5.1}% 23
\BOOKMARK [2][-]{subsection.5.1.3}{Abductive Approach}{section.5.1}% 24
\BOOKMARK [1][-]{section.5.2}{Test method}{chapter.5}% 25
