\BOOKMARK [0][-]{chapter.1}{\376\377\0001\000\040\000H\000i\000e\000r\000a\000r\000c\000h\000i\000c\000a\000l\000\040\000I\000n\000d\000e\000x}{}% 1
\BOOKMARK [1][-]{section.1.1}{\376\377\0001\000.\0001\000\040\000C\000l\000a\000s\000s\000\040\000H\000i\000e\000r\000a\000r\000c\000h\000y}{chapter.1}% 2
\BOOKMARK [0][-]{chapter.2}{\376\377\0002\000\040\000C\000l\000a\000s\000s\000\040\000I\000n\000d\000e\000x}{}% 3
\BOOKMARK [1][-]{section.2.1}{\376\377\0002\000.\0001\000\040\000C\000l\000a\000s\000s\000\040\000L\000i\000s\000t}{chapter.2}% 4
\BOOKMARK [0][-]{chapter.3}{\376\377\0003\000\040\000F\000i\000l\000e\000\040\000I\000n\000d\000e\000x}{}% 5
\BOOKMARK [1][-]{section.3.1}{\376\377\0003\000.\0001\000\040\000F\000i\000l\000e\000\040\000L\000i\000s\000t}{chapter.3}% 6
\BOOKMARK [0][-]{chapter.4}{\376\377\0004\000\040\000C\000l\000a\000s\000s\000\040\000D\000o\000c\000u\000m\000e\000n\000t\000a\000t\000i\000o\000n}{}% 7
\BOOKMARK [1][-]{section.4.1}{\376\377\0004\000.\0001\000\040\000h\000a\000n\000d\000l\000e\000\040\000C\000l\000a\000s\000s\000\040\000R\000e\000f\000e\000r\000e\000n\000c\000e}{chapter.4}% 8
\BOOKMARK [1][-]{section.4.2}{\376\377\0004\000.\0002\000\040\000M\000o\000d\000e\000l\000C\000o\000m\000m\000a\000n\000d\000\040\000C\000l\000a\000s\000s\000\040\000R\000e\000f\000e\000r\000e\000n\000c\000e}{chapter.4}% 9
\BOOKMARK [2][-]{subsection.4.2.1}{\376\377\0004\000.\0002\000.\0001\000\040\000M\000e\000m\000b\000e\000r\000\040\000F\000u\000n\000c\000t\000i\000o\000n\000\040\000D\000o\000c\000u\000m\000e\000n\000t\000a\000t\000i\000o\000n}{section.4.2}% 10
\BOOKMARK [3][-]{subsubsection.4.2.1.1}{\376\377\0004\000.\0002\000.\0001\000.\0001\000\040\000f\000\050\000\051}{subsection.4.2.1}% 11
\BOOKMARK [3][-]{subsubsection.4.2.1.2}{\376\377\0004\000.\0002\000.\0001\000.\0002\000\040\000g\000\050\000\051}{subsection.4.2.1}% 12
\BOOKMARK [3][-]{subsubsection.4.2.1.3}{\376\377\0004\000.\0002\000.\0001\000.\0003\000\040\000m\000\050\000\051}{subsection.4.2.1}% 13
\BOOKMARK [2][-]{subsection.4.2.2}{\376\377\0004\000.\0002\000.\0002\000\040\000M\000e\000m\000b\000e\000r\000\040\000D\000a\000t\000a\000\040\000D\000o\000c\000u\000m\000e\000n\000t\000a\000t\000i\000o\000n}{section.4.2}% 14
\BOOKMARK [3][-]{subsubsection.4.2.2.1}{\376\377\0004\000.\0002\000.\0002\000.\0001\000\040\000D\000o\000w\000n}{subsection.4.2.2}% 15
\BOOKMARK [3][-]{subsubsection.4.2.2.2}{\376\377\0004\000.\0002\000.\0002\000.\0002\000\040\000k\000n\000o\000w\000C\000o\000m\000p\000a\000r\000t}{subsection.4.2.2}% 16
\BOOKMARK [3][-]{subsubsection.4.2.2.3}{\376\377\0004\000.\0002\000.\0002\000.\0003\000\040\000L\000e\000f\000t}{subsection.4.2.2}% 17
\BOOKMARK [3][-]{subsubsection.4.2.2.4}{\376\377\0004\000.\0002\000.\0002\000.\0004\000\040\000p\000r\000e\000s\000e\000n\000t\000S\000t\000a\000t\000e}{subsection.4.2.2}% 18
\BOOKMARK [3][-]{subsubsection.4.2.2.5}{\376\377\0004\000.\0002\000.\0002\000.\0005\000\040\000R\000i\000g\000h\000t}{subsection.4.2.2}% 19
\BOOKMARK [3][-]{subsubsection.4.2.2.6}{\376\377\0004\000.\0002\000.\0002\000.\0006\000\040\000s\000i\000z\000e\000T\000a\000b}{subsection.4.2.2}% 20
\BOOKMARK [3][-]{subsubsection.4.2.2.7}{\376\377\0004\000.\0002\000.\0002\000.\0007\000\040\000U\000p}{subsection.4.2.2}% 21
\BOOKMARK [1][-]{section.4.3}{\376\377\0004\000.\0003\000\040\000M\000o\000d\000e\000l\000G\000h\000o\000s\000t\000\040\000C\000l\000a\000s\000s\000\040\000R\000e\000f\000e\000r\000e\000n\000c\000e}{chapter.4}% 22
\BOOKMARK [2][-]{subsection.4.3.1}{\376\377\0004\000.\0003\000.\0001\000\040\000D\000e\000t\000a\000i\000l\000e\000d\000\040\000D\000e\000s\000c\000r\000i\000p\000t\000i\000o\000n}{section.4.3}% 23
\BOOKMARK [2][-]{subsection.4.3.2}{\376\377\0004\000.\0003\000.\0002\000\040\000C\000o\000n\000s\000t\000r\000u\000c\000t\000o\000r\000\040\000\046\000\040\000D\000e\000s\000t\000r\000u\000c\000t\000o\000r\000\040\000D\000o\000c\000u\000m\000e\000n\000t\000a\000t\000i\000o\000n}{section.4.3}% 24
\BOOKMARK [3][-]{subsubsection.4.3.2.1}{\376\377\0004\000.\0003\000.\0002\000.\0001\000\040\000M\000o\000d\000e\000l\000G\000h\000o\000s\000t\000\050\000\051}{subsection.4.3.2}% 25
\BOOKMARK [2][-]{subsection.4.3.3}{\376\377\0004\000.\0003\000.\0003\000\040\000M\000e\000m\000b\000e\000r\000\040\000F\000u\000n\000c\000t\000i\000o\000n\000\040\000D\000o\000c\000u\000m\000e\000n\000t\000a\000t\000i\000o\000n}{section.4.3}% 26
\BOOKMARK [3][-]{subsubsection.4.3.3.1}{\376\377\0004\000.\0003\000.\0003\000.\0001\000\040\000f\000\050\000\051\000\040\000[\0001\000/\0002\000]}{subsection.4.3.3}% 27
\BOOKMARK [3][-]{subsubsection.4.3.3.2}{\376\377\0004\000.\0003\000.\0003\000.\0002\000\040\000f\000\050\000\051\000\040\000[\0002\000/\0002\000]}{subsection.4.3.3}% 28
\BOOKMARK [3][-]{subsubsection.4.3.3.3}{\376\377\0004\000.\0003\000.\0003\000.\0003\000\040\000g\000\050\000\051}{subsection.4.3.3}% 29
\BOOKMARK [3][-]{subsubsection.4.3.3.4}{\376\377\0004\000.\0003\000.\0003\000.\0004\000\040\000m\000\050\000\051}{subsection.4.3.3}% 30
\BOOKMARK [2][-]{subsection.4.3.4}{\376\377\0004\000.\0003\000.\0004\000\040\000M\000e\000m\000b\000e\000r\000\040\000D\000a\000t\000a\000\040\000D\000o\000c\000u\000m\000e\000n\000t\000a\000t\000i\000o\000n}{section.4.3}% 31
\BOOKMARK [3][-]{subsubsection.4.3.4.1}{\376\377\0004\000.\0003\000.\0004\000.\0001\000\040\000i\000n\000i\000t\000i\000a\000l\000S\000t\000a\000t\000e}{subsection.4.3.4}% 32
\BOOKMARK [3][-]{subsubsection.4.3.4.2}{\376\377\0004\000.\0003\000.\0004\000.\0002\000\040\000p\000r\000e\000s\000e\000n\000t\000S\000t\000a\000t\000e}{subsection.4.3.4}% 33
\BOOKMARK [1][-]{section.4.4}{\376\377\0004\000.\0004\000\040\000M\000o\000d\000e\000l\000L\000a\000b\000y\000\040\000C\000l\000a\000s\000s\000\040\000R\000e\000f\000e\000r\000e\000n\000c\000e}{chapter.4}% 34
\BOOKMARK [2][-]{subsection.4.4.1}{\376\377\0004\000.\0004\000.\0001\000\040\000D\000e\000t\000a\000i\000l\000e\000d\000\040\000D\000e\000s\000c\000r\000i\000p\000t\000i\000o\000n}{section.4.4}% 35
\BOOKMARK [2][-]{subsection.4.4.2}{\376\377\0004\000.\0004\000.\0002\000\040\000C\000o\000n\000s\000t\000r\000u\000c\000t\000o\000r\000\040\000\046\000\040\000D\000e\000s\000t\000r\000u\000c\000t\000o\000r\000\040\000D\000o\000c\000u\000m\000e\000n\000t\000a\000t\000i\000o\000n}{section.4.4}% 36
\BOOKMARK [3][-]{subsubsection.4.4.2.1}{\376\377\0004\000.\0004\000.\0002\000.\0001\000\040\000M\000o\000d\000e\000l\000L\000a\000b\000y\000\050\000\051}{subsection.4.4.2}% 37
\BOOKMARK [2][-]{subsection.4.4.3}{\376\377\0004\000.\0004\000.\0003\000\040\000M\000e\000m\000b\000e\000r\000\040\000F\000u\000n\000c\000t\000i\000o\000n\000\040\000D\000o\000c\000u\000m\000e\000n\000t\000a\000t\000i\000o\000n}{section.4.4}% 38
\BOOKMARK [3][-]{subsubsection.4.4.3.1}{\376\377\0004\000.\0004\000.\0003\000.\0001\000\040\000f\000\050\000\051}{subsection.4.4.3}% 39
\BOOKMARK [3][-]{subsubsection.4.4.3.2}{\376\377\0004\000.\0004\000.\0003\000.\0002\000\040\000g\000\050\000\051}{subsection.4.4.3}% 40
\BOOKMARK [3][-]{subsubsection.4.4.3.3}{\376\377\0004\000.\0004\000.\0003\000.\0003\000\040\000m\000\050\000\051}{subsection.4.4.3}% 41
\BOOKMARK [3][-]{subsubsection.4.4.3.4}{\376\377\0004\000.\0004\000.\0003\000.\0004\000\040\000s\000a\000m\000e\000X\000\137\000p\000o\000s\000i\000t\000i\000o\000n\000\050\000\051}{subsection.4.4.3}% 42
\BOOKMARK [3][-]{subsubsection.4.4.3.5}{\376\377\0004\000.\0004\000.\0003\000.\0005\000\040\000s\000a\000m\000e\000Y\000\137\000p\000o\000s\000i\000t\000i\000o\000n\000\050\000\051}{subsection.4.4.3}% 43
\BOOKMARK [3][-]{subsubsection.4.4.3.6}{\376\377\0004\000.\0004\000.\0003\000.\0006\000\040\000w\000a\000l\000l\000s\000H\000B\000e\000t\000w\000e\000e\000n\000\050\000\051}{subsection.4.4.3}% 44
\BOOKMARK [3][-]{subsubsection.4.4.3.7}{\376\377\0004\000.\0004\000.\0003\000.\0007\000\040\000w\000a\000l\000l\000s\000H\000B\000e\000t\000w\000e\000e\000n\000O\000n\000e\000\050\000\051}{subsection.4.4.3}% 45
\BOOKMARK [3][-]{subsubsection.4.4.3.8}{\376\377\0004\000.\0004\000.\0003\000.\0008\000\040\000w\000a\000l\000l\000s\000V\000B\000e\000t\000w\000e\000e\000n\000\050\000\051}{subsection.4.4.3}% 46
\BOOKMARK [3][-]{subsubsection.4.4.3.9}{\376\377\0004\000.\0004\000.\0003\000.\0009\000\040\000w\000a\000l\000l\000s\000V\000B\000e\000t\000w\000e\000e\000n\000O\000n\000e\000\050\000\051}{subsection.4.4.3}% 47
\BOOKMARK [2][-]{subsection.4.4.4}{\376\377\0004\000.\0004\000.\0004\000\040\000M\000e\000m\000b\000e\000r\000\040\000D\000a\000t\000a\000\040\000D\000o\000c\000u\000m\000e\000n\000t\000a\000t\000i\000o\000n}{section.4.4}% 48
\BOOKMARK [3][-]{subsubsection.4.4.4.1}{\376\377\0004\000.\0004\000.\0004\000.\0001\000\040\000i\000n\000i\000t\000i\000a\000l\000S\000t\000a\000t\000e}{subsection.4.4.4}% 49
\BOOKMARK [3][-]{subsubsection.4.4.4.2}{\376\377\0004\000.\0004\000.\0004\000.\0002\000\040\000p\000r\000e\000s\000e\000n\000t\000S\000t\000a\000t\000e}{subsection.4.4.4}% 50
\BOOKMARK [1][-]{section.4.5}{\376\377\0004\000.\0005\000\040\000M\000o\000d\000e\000l\000P\000a\000c\000m\000a\000n\000\040\000C\000l\000a\000s\000s\000\040\000R\000e\000f\000e\000r\000e\000n\000c\000e}{chapter.4}% 51
\BOOKMARK [2][-]{subsection.4.5.1}{\376\377\0004\000.\0005\000.\0001\000\040\000D\000e\000t\000a\000i\000l\000e\000d\000\040\000D\000e\000s\000c\000r\000i\000p\000t\000i\000o\000n}{section.4.5}% 52
\BOOKMARK [2][-]{subsection.4.5.2}{\376\377\0004\000.\0005\000.\0002\000\040\000C\000o\000n\000s\000t\000r\000u\000c\000t\000o\000r\000\040\000\046\000\040\000D\000e\000s\000t\000r\000u\000c\000t\000o\000r\000\040\000D\000o\000c\000u\000m\000e\000n\000t\000a\000t\000i\000o\000n}{section.4.5}% 53
\BOOKMARK [3][-]{subsubsection.4.5.2.1}{\376\377\0004\000.\0005\000.\0002\000.\0001\000\040\000M\000o\000d\000e\000l\000P\000a\000c\000m\000a\000n\000\050\000\051}{subsection.4.5.2}% 54
\BOOKMARK [2][-]{subsection.4.5.3}{\376\377\0004\000.\0005\000.\0003\000\040\000M\000e\000m\000b\000e\000r\000\040\000F\000u\000n\000c\000t\000i\000o\000n\000\040\000D\000o\000c\000u\000m\000e\000n\000t\000a\000t\000i\000o\000n}{section.4.5}% 55
\BOOKMARK [3][-]{subsubsection.4.5.3.1}{\376\377\0004\000.\0005\000.\0003\000.\0001\000\040\000f\000\050\000\051}{subsection.4.5.3}% 56
\BOOKMARK [3][-]{subsubsection.4.5.3.2}{\376\377\0004\000.\0005\000.\0003\000.\0002\000\040\000g\000\050\000\051}{subsection.4.5.3}% 57
\BOOKMARK [3][-]{subsubsection.4.5.3.3}{\376\377\0004\000.\0005\000.\0003\000.\0003\000\040\000m\000\050\000\051}{subsection.4.5.3}% 58
\BOOKMARK [2][-]{subsection.4.5.4}{\376\377\0004\000.\0005\000.\0004\000\040\000M\000e\000m\000b\000e\000r\000\040\000D\000a\000t\000a\000\040\000D\000o\000c\000u\000m\000e\000n\000t\000a\000t\000i\000o\000n}{section.4.5}% 59
\BOOKMARK [3][-]{subsubsection.4.5.4.1}{\376\377\0004\000.\0005\000.\0004\000.\0001\000\040\000i}{subsection.4.5.4}% 60
\BOOKMARK [3][-]{subsubsection.4.5.4.2}{\376\377\0004\000.\0005\000.\0004\000.\0002\000\040\000i\000n\000i\000t\000i\000a\000l\000S\000t\000a\000t\000e}{subsection.4.5.4}% 61
\BOOKMARK [3][-]{subsubsection.4.5.4.3}{\376\377\0004\000.\0005\000.\0004\000.\0003\000\040\000m\000e\000m\000o\000r\000y}{subsection.4.5.4}% 62
\BOOKMARK [3][-]{subsubsection.4.5.4.4}{\376\377\0004\000.\0005\000.\0004\000.\0004\000\040\000p\000r\000e\000s\000e\000n\000t\000S\000t\000a\000t\000e}{subsection.4.5.4}% 63
\BOOKMARK [1][-]{section.4.6}{\376\377\0004\000.\0006\000\040\000M\000o\000d\000e\000l\000S\000E\000D\000\040\000C\000l\000a\000s\000s\000\040\000R\000e\000f\000e\000r\000e\000n\000c\000e}{chapter.4}% 64
\BOOKMARK [2][-]{subsection.4.6.1}{\376\377\0004\000.\0006\000.\0001\000\040\000D\000e\000t\000a\000i\000l\000e\000d\000\040\000D\000e\000s\000c\000r\000i\000p\000t\000i\000o\000n}{section.4.6}% 65
\BOOKMARK [2][-]{subsection.4.6.2}{\376\377\0004\000.\0006\000.\0002\000\040\000M\000e\000m\000b\000e\000r\000\040\000F\000u\000n\000c\000t\000i\000o\000n\000\040\000D\000o\000c\000u\000m\000e\000n\000t\000a\000t\000i\000o\000n}{section.4.6}% 66
\BOOKMARK [3][-]{subsubsection.4.6.2.1}{\376\377\0004\000.\0006\000.\0002\000.\0001\000\040\000f\000\050\000\051}{subsection.4.6.2}% 67
\BOOKMARK [3][-]{subsubsection.4.6.2.2}{\376\377\0004\000.\0006\000.\0002\000.\0002\000\040\000g\000\050\000\051}{subsection.4.6.2}% 68
\BOOKMARK [3][-]{subsubsection.4.6.2.3}{\376\377\0004\000.\0006\000.\0002\000.\0003\000\040\000m\000\050\000\051}{subsection.4.6.2}% 69
\BOOKMARK [2][-]{subsection.4.6.3}{\376\377\0004\000.\0006\000.\0003\000\040\000M\000e\000m\000b\000e\000r\000\040\000D\000a\000t\000a\000\040\000D\000o\000c\000u\000m\000e\000n\000t\000a\000t\000i\000o\000n}{section.4.6}% 70
\BOOKMARK [3][-]{subsubsection.4.6.3.1}{\376\377\0004\000.\0006\000.\0003\000.\0001\000\040\000i\000n\000i\000t\000i\000a\000l\000S\000t\000a\000t\000e}{subsection.4.6.3}% 71
\BOOKMARK [3][-]{subsubsection.4.6.3.2}{\376\377\0004\000.\0006\000.\0003\000.\0002\000\040\000p\000r\000e\000s\000e\000n\000t\000S\000t\000a\000t\000e}{subsection.4.6.3}% 72
\BOOKMARK [1][-]{section.4.7}{\376\377\0004\000.\0007\000\040\000M\000o\000d\000e\000l\000W\000a\000l\000l\000s\000\040\000C\000l\000a\000s\000s\000\040\000R\000e\000f\000e\000r\000e\000n\000c\000e}{chapter.4}% 73
\BOOKMARK [2][-]{subsection.4.7.1}{\376\377\0004\000.\0007\000.\0001\000\040\000D\000e\000t\000a\000i\000l\000e\000d\000\040\000D\000e\000s\000c\000r\000i\000p\000t\000i\000o\000n}{section.4.7}% 74
\BOOKMARK [2][-]{subsection.4.7.2}{\376\377\0004\000.\0007\000.\0002\000\040\000C\000o\000n\000s\000t\000r\000u\000c\000t\000o\000r\000\040\000\046\000\040\000D\000e\000s\000t\000r\000u\000c\000t\000o\000r\000\040\000D\000o\000c\000u\000m\000e\000n\000t\000a\000t\000i\000o\000n}{section.4.7}% 75
\BOOKMARK [3][-]{subsubsection.4.7.2.1}{\376\377\0004\000.\0007\000.\0002\000.\0001\000\040\000M\000o\000d\000e\000l\000W\000a\000l\000l\000s\000\050\000\051}{subsection.4.7.2}% 76
\BOOKMARK [2][-]{subsection.4.7.3}{\376\377\0004\000.\0007\000.\0003\000\040\000M\000e\000m\000b\000e\000r\000\040\000F\000u\000n\000c\000t\000i\000o\000n\000\040\000D\000o\000c\000u\000m\000e\000n\000t\000a\000t\000i\000o\000n}{section.4.7}% 77
\BOOKMARK [3][-]{subsubsection.4.7.3.1}{\376\377\0004\000.\0007\000.\0003\000.\0001\000\040\000f\000\050\000\051\000\040\000[\0001\000/\0002\000]}{subsection.4.7.3}% 78
\BOOKMARK [3][-]{subsubsection.4.7.3.2}{\376\377\0004\000.\0007\000.\0003\000.\0002\000\040\000f\000\050\000\051\000\040\000[\0002\000/\0002\000]}{subsection.4.7.3}% 79
\BOOKMARK [3][-]{subsubsection.4.7.3.3}{\376\377\0004\000.\0007\000.\0003\000.\0003\000\040\000g\000\050\000\051}{subsection.4.7.3}% 80
\BOOKMARK [3][-]{subsubsection.4.7.3.4}{\376\377\0004\000.\0007\000.\0003\000.\0004\000\040\000m\000\050\000\051}{subsection.4.7.3}% 81
\BOOKMARK [2][-]{subsection.4.7.4}{\376\377\0004\000.\0007\000.\0004\000\040\000M\000e\000m\000b\000e\000r\000\040\000D\000a\000t\000a\000\040\000D\000o\000c\000u\000m\000e\000n\000t\000a\000t\000i\000o\000n}{section.4.7}% 82
\BOOKMARK [3][-]{subsubsection.4.7.4.1}{\376\377\0004\000.\0007\000.\0004\000.\0001\000\040\000i}{subsection.4.7.4}% 83
\BOOKMARK [3][-]{subsubsection.4.7.4.2}{\376\377\0004\000.\0007\000.\0004\000.\0002\000\040\000i\000n\000i\000t\000i\000a\000l\000S\000t\000a\000t\000e}{subsection.4.7.4}% 84
\BOOKMARK [3][-]{subsubsection.4.7.4.3}{\376\377\0004\000.\0007\000.\0004\000.\0003\000\040\000p\000r\000e\000s\000e\000n\000t\000S\000t\000a\000t\000e}{subsection.4.7.4}% 85
\BOOKMARK [3][-]{subsubsection.4.7.4.4}{\376\377\0004\000.\0007\000.\0004\000.\0004\000\040\000v\000a\000l}{subsection.4.7.4}% 86
\BOOKMARK [1][-]{section.4.8}{\376\377\0004\000.\0008\000\040\000S\000t\000o\000p\000C\000o\000n\000d\000i\000t\000i\000o\000n\000\040\000C\000l\000a\000s\000s\000\040\000R\000e\000f\000e\000r\000e\000n\000c\000e}{chapter.4}% 87
\BOOKMARK [2][-]{subsection.4.8.1}{\376\377\0004\000.\0008\000.\0001\000\040\000D\000e\000t\000a\000i\000l\000e\000d\000\040\000D\000e\000s\000c\000r\000i\000p\000t\000i\000o\000n}{section.4.8}% 88
\BOOKMARK [2][-]{subsection.4.8.2}{\376\377\0004\000.\0008\000.\0002\000\040\000C\000o\000n\000s\000t\000r\000u\000c\000t\000o\000r\000\040\000\046\000\040\000D\000e\000s\000t\000r\000u\000c\000t\000o\000r\000\040\000D\000o\000c\000u\000m\000e\000n\000t\000a\000t\000i\000o\000n}{section.4.8}% 89
\BOOKMARK [3][-]{subsubsection.4.8.2.1}{\376\377\0004\000.\0008\000.\0002\000.\0001\000\040\000S\000t\000o\000p\000C\000o\000n\000d\000i\000t\000i\000o\000n\000\050\000\051}{subsection.4.8.2}% 90
\BOOKMARK [2][-]{subsection.4.8.3}{\376\377\0004\000.\0008\000.\0003\000\040\000M\000e\000m\000b\000e\000r\000\040\000F\000u\000n\000c\000t\000i\000o\000n\000\040\000D\000o\000c\000u\000m\000e\000n\000t\000a\000t\000i\000o\000n}{section.4.8}% 91
\BOOKMARK [3][-]{subsubsection.4.8.3.1}{\376\377\0004\000.\0008\000.\0003\000.\0001\000\040\000f\000\050\000\051\000\040\000[\0001\000/\0002\000]}{subsection.4.8.3}% 92
\BOOKMARK [3][-]{subsubsection.4.8.3.2}{\376\377\0004\000.\0008\000.\0003\000.\0002\000\040\000f\000\050\000\051\000\040\000[\0002\000/\0002\000]}{subsection.4.8.3}% 93
\BOOKMARK [3][-]{subsubsection.4.8.3.3}{\376\377\0004\000.\0008\000.\0003\000.\0003\000\040\000g\000\050\000\051}{subsection.4.8.3}% 94
\BOOKMARK [3][-]{subsubsection.4.8.3.4}{\376\377\0004\000.\0008\000.\0003\000.\0004\000\040\000m\000\050\000\051}{subsection.4.8.3}% 95
\BOOKMARK [2][-]{subsection.4.8.4}{\376\377\0004\000.\0008\000.\0004\000\040\000M\000e\000m\000b\000e\000r\000\040\000D\000a\000t\000a\000\040\000D\000o\000c\000u\000m\000e\000n\000t\000a\000t\000i\000o\000n}{section.4.8}% 96
\BOOKMARK [3][-]{subsubsection.4.8.4.1}{\376\377\0004\000.\0008\000.\0004\000.\0001\000\040\000i\000n\000i\000t\000i\000a\000l\000S\000t\000a\000t\000e}{subsection.4.8.4}% 97
\BOOKMARK [3][-]{subsubsection.4.8.4.2}{\376\377\0004\000.\0008\000.\0004\000.\0002\000\040\000p\000r\000e\000s\000e\000n\000t\000S\000t\000a\000t\000e}{subsection.4.8.4}% 98
\BOOKMARK [1][-]{section.4.9}{\376\377\0004\000.\0009\000\040\000W\000r\000a\000p\000p\000e\000r\000\040\000C\000l\000a\000s\000s\000\040\000R\000e\000f\000e\000r\000e\000n\000c\000e}{chapter.4}% 99
\BOOKMARK [2][-]{subsection.4.9.1}{\376\377\0004\000.\0009\000.\0001\000\040\000D\000e\000t\000a\000i\000l\000e\000d\000\040\000D\000e\000s\000c\000r\000i\000p\000t\000i\000o\000n}{section.4.9}% 100
\BOOKMARK [2][-]{subsection.4.9.2}{\376\377\0004\000.\0009\000.\0002\000\040\000C\000o\000n\000s\000t\000r\000u\000c\000t\000o\000r\000\040\000\046\000\040\000D\000e\000s\000t\000r\000u\000c\000t\000o\000r\000\040\000D\000o\000c\000u\000m\000e\000n\000t\000a\000t\000i\000o\000n}{section.4.9}% 101
\BOOKMARK [3][-]{subsubsection.4.9.2.1}{\376\377\0004\000.\0009\000.\0002\000.\0001\000\040\000W\000r\000a\000p\000p\000e\000r\000\050\000\051}{subsection.4.9.2}% 102
\BOOKMARK [2][-]{subsection.4.9.3}{\376\377\0004\000.\0009\000.\0003\000\040\000M\000e\000m\000b\000e\000r\000\040\000F\000u\000n\000c\000t\000i\000o\000n\000\040\000D\000o\000c\000u\000m\000e\000n\000t\000a\000t\000i\000o\000n}{section.4.9}% 103
\BOOKMARK [3][-]{subsubsection.4.9.3.1}{\376\377\0004\000.\0009\000.\0003\000.\0001\000\040\000g\000e\000t\000\137\000o\000u\000t\000\050\000\051}{subsection.4.9.3}% 104
\BOOKMARK [3][-]{subsubsection.4.9.3.2}{\376\377\0004\000.\0009\000.\0003\000.\0002\000\040\000g\000e\000t\000\137\000s\000t\000o\000p\000\050\000\051}{subsection.4.9.3}% 105
\BOOKMARK [3][-]{subsubsection.4.9.3.3}{\376\377\0004\000.\0009\000.\0003\000.\0003\000\040\000i\000n\000i\000t\000\050\000\051}{subsection.4.9.3}% 106
\BOOKMARK [3][-]{subsubsection.4.9.3.4}{\376\377\0004\000.\0009\000.\0003\000.\0004\000\040\000o\000r\000d\000e\000r\000e\000r\000\050\000\051}{subsection.4.9.3}% 107
\BOOKMARK [3][-]{subsubsection.4.9.3.5}{\376\377\0004\000.\0009\000.\0003\000.\0005\000\040\000u\000p\000d\000a\000t\000e\000C\000o\000n\000n\000e\000x\000i\000o\000n\000\050\000\051}{subsection.4.9.3}% 108
\BOOKMARK [2][-]{subsection.4.9.4}{\376\377\0004\000.\0009\000.\0004\000\040\000M\000e\000m\000b\000e\000r\000\040\000D\000a\000t\000a\000\040\000D\000o\000c\000u\000m\000e\000n\000t\000a\000t\000i\000o\000n}{section.4.9}% 109
\BOOKMARK [3][-]{subsubsection.4.9.4.1}{\376\377\0004\000.\0009\000.\0004\000.\0001\000\040\000c\000o\000m\000m\000a\000n\000d\000P\000a\000c\000m\000a\000n}{subsection.4.9.4}% 110
\BOOKMARK [3][-]{subsubsection.4.9.4.2}{\376\377\0004\000.\0009\000.\0004\000.\0002\000\040\000c\000o\000m\000m\000a\000n\000d\000W\000a\000l\000l\000s}{subsection.4.9.4}% 111
\BOOKMARK [3][-]{subsubsection.4.9.4.3}{\376\377\0004\000.\0009\000.\0004\000.\0003\000\040\000g\000h\000o\000s\000t\000B\000i\000t}{subsection.4.9.4}% 112
\BOOKMARK [3][-]{subsubsection.4.9.4.4}{\376\377\0004\000.\0009\000.\0004\000.\0004\000\040\000i\000n}{subsection.4.9.4}% 113
\BOOKMARK [3][-]{subsubsection.4.9.4.5}{\376\377\0004\000.\0009\000.\0004\000.\0005\000\040\000m\000o\000d\000e\000l\000L\000a\000b\000y}{subsection.4.9.4}% 114
\BOOKMARK [3][-]{subsubsection.4.9.4.6}{\376\377\0004\000.\0009\000.\0004\000.\0006\000\040\000o\000u\000t}{subsection.4.9.4}% 115
\BOOKMARK [3][-]{subsubsection.4.9.4.7}{\376\377\0004\000.\0009\000.\0004\000.\0007\000\040\000p\000a\000c\000m\000a\000n\000B\000i\000t}{subsection.4.9.4}% 116
\BOOKMARK [3][-]{subsubsection.4.9.4.8}{\376\377\0004\000.\0009\000.\0004\000.\0008\000\040\000s\000t\000o\000p}{subsection.4.9.4}% 117
\BOOKMARK [3][-]{subsubsection.4.9.4.9}{\376\377\0004\000.\0009\000.\0004\000.\0009\000\040\000s\000t\000o\000p\000C\000o\000n\000d\000i\000t\000i\000o\000n}{subsection.4.9.4}% 118
\BOOKMARK [3][-]{subsubsection.4.9.4.10}{\376\377\0004\000.\0009\000.\0004\000.\0001\0000\000\040\000w\000a\000l\000l\000s\000B\000i\000t}{subsection.4.9.4}% 119
\BOOKMARK [3][-]{subsubsection.4.9.4.11}{\376\377\0004\000.\0009\000.\0004\000.\0001\0001\000\040\000w\000h\000o\000P\000l\000a\000y}{subsection.4.9.4}% 120
\BOOKMARK [0][-]{chapter.5}{\376\377\0005\000\040\000F\000i\000l\000e\000\040\000D\000o\000c\000u\000m\000e\000n\000t\000a\000t\000i\000o\000n}{}% 121
\BOOKMARK [1][-]{section.5.1}{\376\377\0005\000.\0001\000\040\000C\000r\000e\000a\000t\000e\000P\000i\000t\000u\000r\000e\000s\000A\000n\000d\000V\000i\000d\000e\000o\000.\000m\000\040\000F\000i\000l\000e\000\040\000R\000e\000f\000e\000r\000e\000n\000c\000e}{chapter.5}% 122
\BOOKMARK [2][-]{subsection.5.1.1}{\376\377\0005\000.\0001\000.\0001\000\040\000F\000u\000n\000c\000t\000i\000o\000n\000\040\000D\000o\000c\000u\000m\000e\000n\000t\000a\000t\000i\000o\000n}{section.5.1}% 123
\BOOKMARK [3][-]{subsubsection.5.1.1.1}{\376\377\0005\000.\0001\000.\0001\000.\0001\000\040\000C\000r\000e\000a\000t\000e\000P\000i\000t\000u\000r\000e\000s\000A\000n\000d\000V\000i\000d\000e\000o\000\050\000\051}{subsection.5.1.1}% 124
\BOOKMARK [1][-]{section.5.2}{\376\377\0005\000.\0002\000\040\000C\000r\000e\000a\000t\000e\000P\000i\000t\000u\000r\000e\000s\000A\000n\000d\000V\000i\000d\000e\000o\000\137\000t\000e\000x\000t\000u\000r\000e\000d\000.\000m\000\040\000F\000i\000l\000e\000\040\000R\000e\000f\000e\000r\000e\000n\000c\000e}{chapter.5}% 125
\BOOKMARK [2][-]{subsection.5.2.1}{\376\377\0005\000.\0002\000.\0001\000\040\000F\000u\000n\000c\000t\000i\000o\000n\000\040\000D\000o\000c\000u\000m\000e\000n\000t\000a\000t\000i\000o\000n}{section.5.2}% 126
\BOOKMARK [3][-]{subsubsection.5.2.1.1}{\376\377\0005\000.\0002\000.\0001\000.\0001\000\040\000C\000r\000e\000a\000t\000e\000P\000i\000t\000u\000r\000e\000s\000A\000n\000d\000V\000i\000d\000e\000o\000\137\000t\000e\000x\000t\000u\000r\000e\000d\000\050\000\051}{subsection.5.2.1}% 127
\BOOKMARK [1][-]{section.5.3}{\376\377\0005\000.\0003\000\040\000f\000i\000g\000u\000r\000e\000\137\000L\000a\000b\000y\000.\000m\000\040\000F\000i\000l\000e\000\040\000R\000e\000f\000e\000r\000e\000n\000c\000e}{chapter.5}% 128
\BOOKMARK [2][-]{subsection.5.3.1}{\376\377\0005\000.\0003\000.\0001\000\040\000F\000u\000n\000c\000t\000i\000o\000n\000\040\000D\000o\000c\000u\000m\000e\000n\000t\000a\000t\000i\000o\000n}{section.5.3}% 129
\BOOKMARK [3][-]{subsubsection.5.3.1.1}{\376\377\0005\000.\0003\000.\0001\000.\0001\000\040\000c\000o\000n\000n\000e\000c\000t\000\137\000C\000a\000l\000l\000b\000a\000c\000k\000\050\000\051}{subsection.5.3.1}% 130
\BOOKMARK [3][-]{subsubsection.5.3.1.2}{\376\377\0005\000.\0003\000.\0001\000.\0002\000\040\000c\000r\000e\000a\000t\000e\000U\000I\000E\000s\000c\000a\000p\000e\000\050\000\051}{subsection.5.3.1}% 131
\BOOKMARK [3][-]{subsubsection.5.3.1.3}{\376\377\0005\000.\0003\000.\0001\000.\0003\000\040\000c\000r\000e\000a\000t\000e\000U\000I\000G\000h\000o\000s\000t\000\050\000\051}{subsection.5.3.1}% 132
\BOOKMARK [3][-]{subsubsection.5.3.1.4}{\376\377\0005\000.\0003\000.\0001\000.\0004\000\040\000c\000r\000e\000a\000t\000e\000U\000I\000P\000a\000c\000m\000a\000n\000\050\000\051}{subsection.5.3.1}% 133
\BOOKMARK [3][-]{subsubsection.5.3.1.5}{\376\377\0005\000.\0003\000.\0001\000.\0005\000\040\000c\000r\000e\000a\000t\000e\000U\000I\000W\000a\000l\000l\000s\000\050\000\051}{subsection.5.3.1}% 134
\BOOKMARK [3][-]{subsubsection.5.3.1.6}{\376\377\0005\000.\0003\000.\0001\000.\0006\000\040\000f\000i\000g\000u\000r\000e\000\137\000L\000a\000b\000y\000\050\000\051}{subsection.5.3.1}% 135
\BOOKMARK [3][-]{subsubsection.5.3.1.7}{\376\377\0005\000.\0003\000.\0001\000.\0007\000\040\000f\000i\000g\000u\000r\000e\000\137\000L\000a\000b\000y\000\137\000O\000p\000e\000n\000i\000n\000g\000F\000c\000n\000\050\000\051}{subsection.5.3.1}% 136
\BOOKMARK [3][-]{subsubsection.5.3.1.8}{\376\377\0005\000.\0003\000.\0001\000.\0008\000\040\000f\000i\000g\000u\000r\000e\000\137\000L\000a\000b\000y\000\137\000O\000u\000t\000p\000u\000t\000F\000c\000n\000\050\000\051}{subsection.5.3.1}% 137
\BOOKMARK [3][-]{subsubsection.5.3.1.9}{\376\377\0005\000.\0003\000.\0001\000.\0009\000\040\000i\000s\000O\000n\000e\000\050\000\051}{subsection.5.3.1}% 138
\BOOKMARK [3][-]{subsubsection.5.3.1.10}{\376\377\0005\000.\0003\000.\0001\000.\0001\0000\000\040\000r\000e\000s\000e\000t\000U\000I\000C\000o\000n\000n\000e\000c\000t\000i\000o\000n\000\050\000\051}{subsection.5.3.1}% 139
\BOOKMARK [3][-]{subsubsection.5.3.1.11}{\376\377\0005\000.\0003\000.\0001\000.\0001\0001\000\040\000u\000i\000\137\000C\000a\000l\000l\000b\000a\000c\000k\000\050\000\051}{subsection.5.3.1}% 140
\BOOKMARK [3][-]{subsubsection.5.3.1.12}{\376\377\0005\000.\0003\000.\0001\000.\0001\0002\000\040\000u\000p\000d\000a\000t\000e\000P\000r\000e\000s\000e\000n\000c\000e\000D\000e\000t\000e\000c\000t\000o\000r\000D\000i\000s\000p\000l\000a\000y\000\050\000\051}{subsection.5.3.1}% 141
\BOOKMARK [3][-]{subsubsection.5.3.1.13}{\376\377\0005\000.\0003\000.\0001\000.\0001\0003\000\040\000u\000p\000d\000a\000t\000e\000U\000I\000\050\000\051}{subsection.5.3.1}% 142
\BOOKMARK [3][-]{subsubsection.5.3.1.14}{\376\377\0005\000.\0003\000.\0001\000.\0001\0004\000\040\000u\000p\000d\000a\000t\000e\000U\000I\000A\000c\000t\000i\000v\000e\000C\000a\000m\000m\000a\000n\000d\000\050\000\051}{subsection.5.3.1}% 143
\BOOKMARK [3][-]{subsubsection.5.3.1.15}{\376\377\0005\000.\0003\000.\0001\000.\0001\0005\000\040\000u\000p\000d\000a\000t\000e\000U\000I\000B\000u\000t\000t\000o\000n\000\050\000\051}{subsection.5.3.1}% 144
\BOOKMARK [3][-]{subsubsection.5.3.1.16}{\376\377\0005\000.\0003\000.\0001\000.\0001\0006\000\040\000u\000p\000d\000a\000t\000e\000U\000I\000C\000a\000u\000g\000h\000t\000\050\000\051}{subsection.5.3.1}% 145
\BOOKMARK [3][-]{subsubsection.5.3.1.17}{\376\377\0005\000.\0003\000.\0001\000.\0001\0007\000\040\000u\000p\000d\000a\000t\000e\000U\000I\000E\000s\000c\000a\000p\000e\000\050\000\051}{subsection.5.3.1}% 146
\BOOKMARK [3][-]{subsubsection.5.3.1.18}{\376\377\0005\000.\0003\000.\0001\000.\0001\0008\000\040\000u\000p\000d\000a\000t\000e\000U\000I\000P\000l\000a\000y\000e\000r\000\050\000\051}{subsection.5.3.1}% 147
\BOOKMARK [3][-]{subsubsection.5.3.1.19}{\376\377\0005\000.\0003\000.\0001\000.\0001\0009\000\040\000u\000p\000d\000a\000t\000e\000U\000I\000W\000a\000l\000l\000s\000\050\000\051}{subsection.5.3.1}% 148
\BOOKMARK [3][-]{subsubsection.5.3.1.20}{\376\377\0005\000.\0003\000.\0001\000.\0002\0000\000\040\000u\000p\000d\000a\000t\000e\000U\000I\000W\000a\000l\000l\000s\000A\000r\000o\000u\000n\000d\000\050\000\051}{subsection.5.3.1}% 149
\BOOKMARK [1][-]{section.5.4}{\376\377\0005\000.\0004\000\040\000m\000a\000i\000n\000.\000m\000\040\000F\000i\000l\000e\000\040\000R\000e\000f\000e\000r\000e\000n\000c\000e}{chapter.5}% 150
\BOOKMARK [1][-]{section.5.5}{\376\377\0005\000.\0005\000\040\000m\000a\000t\000r\000i\000x\000A\000l\000l\000P\000o\000s\000s\000i\000b\000l\000e\000.\000m\000\040\000F\000i\000l\000e\000\040\000R\000e\000f\000e\000r\000e\000n\000c\000e}{chapter.5}% 151
\BOOKMARK [1][-]{section.5.6}{\376\377\0005\000.\0006\000\040\000M\000o\000d\000e\000l\000C\000o\000m\000m\000a\000n\000d\000.\000m\000\040\000F\000i\000l\000e\000\040\000R\000e\000f\000e\000r\000e\000n\000c\000e}{chapter.5}% 152
\BOOKMARK [1][-]{section.5.7}{\376\377\0005\000.\0007\000\040\000M\000o\000d\000e\000l\000G\000h\000o\000s\000t\000.\000m\000\040\000F\000i\000l\000e\000\040\000R\000e\000f\000e\000r\000e\000n\000c\000e}{chapter.5}% 153
\BOOKMARK [1][-]{section.5.8}{\376\377\0005\000.\0008\000\040\000M\000o\000d\000e\000l\000L\000a\000b\000y\000.\000m\000\040\000F\000i\000l\000e\000\040\000R\000e\000f\000e\000r\000e\000n\000c\000e}{chapter.5}% 154
\BOOKMARK [1][-]{section.5.9}{\376\377\0005\000.\0009\000\040\000M\000o\000d\000e\000l\000P\000a\000c\000m\000a\000n\000.\000m\000\040\000F\000i\000l\000e\000\040\000R\000e\000f\000e\000r\000e\000n\000c\000e}{chapter.5}% 155
\BOOKMARK [1][-]{section.5.10}{\376\377\0005\000.\0001\0000\000\040\000M\000o\000d\000e\000l\000S\000E\000D\000.\000m\000\040\000F\000i\000l\000e\000\040\000R\000e\000f\000e\000r\000e\000n\000c\000e}{chapter.5}% 156
\BOOKMARK [1][-]{section.5.11}{\376\377\0005\000.\0001\0001\000\040\000M\000o\000d\000e\000l\000W\000a\000l\000l\000s\000.\000m\000\040\000F\000i\000l\000e\000\040\000R\000e\000f\000e\000r\000e\000n\000c\000e}{chapter.5}% 157
\BOOKMARK [1][-]{section.5.12}{\376\377\0005\000.\0001\0002\000\040\000s\000e\000t\000C\000o\000l\000o\000r\000.\000m\000\040\000F\000i\000l\000e\000\040\000R\000e\000f\000e\000r\000e\000n\000c\000e}{chapter.5}% 158
\BOOKMARK [2][-]{subsection.5.12.1}{\376\377\0005\000.\0001\0002\000.\0001\000\040\000F\000u\000n\000c\000t\000i\000o\000n\000\040\000D\000o\000c\000u\000m\000e\000n\000t\000a\000t\000i\000o\000n}{section.5.12}% 159
\BOOKMARK [3][-]{subsubsection.5.12.1.1}{\376\377\0005\000.\0001\0002\000.\0001\000.\0001\000\040\000s\000e\000t\000C\000o\000l\000o\000r\000\050\000\051}{subsection.5.12.1}% 160
\BOOKMARK [1][-]{section.5.13}{\376\377\0005\000.\0001\0003\000\040\000S\000i\000m\000u\000l\000a\000t\000i\000o\000n\000.\000m\000\040\000F\000i\000l\000e\000\040\000R\000e\000f\000e\000r\000e\000n\000c\000e}{chapter.5}% 161
\BOOKMARK [1][-]{section.5.14}{\376\377\0005\000.\0001\0004\000\040\000S\000i\000m\000u\000l\000a\000t\000i\000o\000n\0002\000\137\000a\000l\000l\000p\000o\000s\000s\000i\000b\000l\000e\000w\000a\000l\000l\000s\000.\000m\000\040\000F\000i\000l\000e\000\040\000R\000e\000f\000e\000r\000e\000n\000c\000e}{chapter.5}% 162
\BOOKMARK [1][-]{section.5.15}{\376\377\0005\000.\0001\0005\000\040\000S\000t\000o\000p\000C\000o\000n\000d\000i\000t\000i\000o\000n\000.\000m\000\040\000F\000i\000l\000e\000\040\000R\000e\000f\000e\000r\000e\000n\000c\000e}{chapter.5}% 163
\BOOKMARK [1][-]{section.5.16}{\376\377\0005\000.\0001\0006\000\040\000v\000i\000s\000u\000p\000a\000c\000m\000a\000n\000.\000m\000\040\000F\000i\000l\000e\000\040\000R\000e\000f\000e\000r\000e\000n\000c\000e}{chapter.5}% 164
\BOOKMARK [1][-]{section.5.17}{\376\377\0005\000.\0001\0007\000\040\000v\000i\000s\000u\000p\000a\000c\000m\000a\000n\0002\000.\000m\000\040\000F\000i\000l\000e\000\040\000R\000e\000f\000e\000r\000e\000n\000c\000e}{chapter.5}% 165
\BOOKMARK [1][-]{section.5.18}{\376\377\0005\000.\0001\0008\000\040\000w\000a\000l\000l\000s\000B\000o\000r\000d\000e\000r\000.\000m\000\040\000F\000i\000l\000e\000\040\000R\000e\000f\000e\000r\000e\000n\000c\000e}{chapter.5}% 166
\BOOKMARK [2][-]{subsection.5.18.1}{\376\377\0005\000.\0001\0008\000.\0001\000\040\000F\000u\000n\000c\000t\000i\000o\000n\000\040\000D\000o\000c\000u\000m\000e\000n\000t\000a\000t\000i\000o\000n}{section.5.18}% 167
\BOOKMARK [3][-]{subsubsection.5.18.1.1}{\376\377\0005\000.\0001\0008\000.\0001\000.\0001\000\040\000w\000a\000l\000l\000s\000B\000o\000r\000d\000e\000r\000\050\000\051}{subsection.5.18.1}% 168
\BOOKMARK [1][-]{section.5.19}{\376\377\0005\000.\0001\0009\000\040\000W\000r\000a\000p\000p\000e\000r\000.\000m\000\040\000F\000i\000l\000e\000\040\000R\000e\000f\000e\000r\000e\000n\000c\000e}{chapter.5}% 169
\BOOKMARK [0][-]{section*.51}{\376\377\000I\000n\000d\000e\000x}{}% 170
