\BOOKMARK [0][-]{chapter.1}{\376\377\0001\000\040\000H\000i\000e\000r\000a\000r\000c\000h\000i\000c\000a\000l\000\040\000I\000n\000d\000e\000x}{}% 1
\BOOKMARK [1][-]{section.1.1}{\376\377\0001\000.\0001\000\040\000C\000l\000a\000s\000s\000\040\000H\000i\000e\000r\000a\000r\000c\000h\000y}{chapter.1}% 2
\BOOKMARK [0][-]{chapter.2}{\376\377\0002\000\040\000C\000l\000a\000s\000s\000\040\000I\000n\000d\000e\000x}{}% 3
\BOOKMARK [1][-]{section.2.1}{\376\377\0002\000.\0001\000\040\000C\000l\000a\000s\000s\000\040\000L\000i\000s\000t}{chapter.2}% 4
\BOOKMARK [0][-]{chapter.3}{\376\377\0003\000\040\000F\000i\000l\000e\000\040\000I\000n\000d\000e\000x}{}% 5
\BOOKMARK [1][-]{section.3.1}{\376\377\0003\000.\0001\000\040\000F\000i\000l\000e\000\040\000L\000i\000s\000t}{chapter.3}% 6
\BOOKMARK [0][-]{chapter.4}{\376\377\0004\000\040\000C\000l\000a\000s\000s\000\040\000D\000o\000c\000u\000m\000e\000n\000t\000a\000t\000i\000o\000n}{}% 7
\BOOKMARK [1][-]{section.4.1}{\376\377\0004\000.\0001\000\040\000A\000u\000t\000o\000m\000a\000t\000e\000G\000r\000a\000p\000h\000\040\000C\000l\000a\000s\000s\000\040\000R\000e\000f\000e\000r\000e\000n\000c\000e}{chapter.4}% 8
\BOOKMARK [2][-]{subsection.4.1.1}{\376\377\0004\000.\0001\000.\0001\000\040\000C\000o\000n\000s\000t\000r\000u\000c\000t\000o\000r\000\040\000\046\000\040\000D\000e\000s\000t\000r\000u\000c\000t\000o\000r\000\040\000D\000o\000c\000u\000m\000e\000n\000t\000a\000t\000i\000o\000n}{section.4.1}% 9
\BOOKMARK [3][-]{subsubsection.4.1.1.1}{\376\377\0004\000.\0001\000.\0001\000.\0001\000\040\000A\000u\000t\000o\000m\000a\000t\000e\000G\000r\000a\000p\000h\000\050\000\051}{subsection.4.1.1}% 10
\BOOKMARK [2][-]{subsection.4.1.2}{\376\377\0004\000.\0001\000.\0002\000\040\000M\000e\000m\000b\000e\000r\000\040\000F\000u\000n\000c\000t\000i\000o\000n\000\040\000D\000o\000c\000u\000m\000e\000n\000t\000a\000t\000i\000o\000n}{section.4.1}% 11
\BOOKMARK [3][-]{subsubsection.4.1.2.1}{\376\377\0004\000.\0001\000.\0002\000.\0001\000\040\000a\000c\000c\000e\000s\000s\000i\000b\000i\000l\000i\000t\000y\000A\000u\000t\000o\000m\000a\000t\000e\000\050\000\051}{subsection.4.1.2}% 12
\BOOKMARK [3][-]{subsubsection.4.1.2.2}{\376\377\0004\000.\0001\000.\0002\000.\0002\000\040\000a\000d\000a\000p\000t\000T\000o\000u\000r\000L\000a\000n\000g\000a\000g\000e\000\050\000\051}{subsection.4.1.2}% 13
\BOOKMARK [3][-]{subsubsection.4.1.2.3}{\376\377\0004\000.\0001\000.\0002\000.\0003\000\040\000a\000d\000d\000W\000o\000r\000d\0002\000L\000a\000n\000g\000a\000g\000e\000\050\000\051}{subsection.4.1.2}% 14
\BOOKMARK [3][-]{subsubsection.4.1.2.4}{\376\377\0004\000.\0001\000.\0002\000.\0004\000\040\000e\000x\000p\000o\000r\000t\0002\000D\000E\000S\000U\000M\000A\000\050\000\051}{subsection.4.1.2}% 15
\BOOKMARK [3][-]{subsubsection.4.1.2.5}{\376\377\0004\000.\0001\000.\0002\000.\0005\000\040\000F\000S\000M\0002\000A\000u\000t\000o\000m\000a\000t\000a\000\050\000\051}{subsection.4.1.2}% 16
\BOOKMARK [3][-]{subsubsection.4.1.2.6}{\376\377\0004\000.\0001\000.\0002\000.\0006\000\040\000m\000a\000t\000r\000i\000c\000e\000s\0002\000v\000e\000c\000t\000o\000r\000\050\000\051}{subsection.4.1.2}% 17
\BOOKMARK [3][-]{subsubsection.4.1.2.7}{\376\377\0004\000.\0001\000.\0002\000.\0007\000\040\000P\000a\000t\000h\000R\000e\000s\000e\000a\000r\000c\000h\000e\000\050\000\051}{subsection.4.1.2}% 18
\BOOKMARK [3][-]{subsubsection.4.1.2.8}{\376\377\0004\000.\0001\000.\0002\000.\0008\000\040\000s\000t\000r\000u\000c\000t\000A\000u\000t\000o\000m\000a\000t\000a\0002\000v\000e\000c\000t\000o\000r\000A\000u\000t\000o\000m\000a\000t\000a\000\050\000\051}{subsection.4.1.2}% 19
\BOOKMARK [3][-]{subsubsection.4.1.2.9}{\376\377\0004\000.\0001\000.\0002\000.\0009\000\040\000v\000e\000c\000t\000o\000r\0002\000m\000a\000t\000r\000i\000c\000e\000s\000\050\000\051}{subsection.4.1.2}% 20
\BOOKMARK [3][-]{subsubsection.4.1.2.10}{\376\377\0004\000.\0001\000.\0002\000.\0001\0000\000\040\000v\000e\000c\000t\000o\000r\0002\000s\000t\000r\000u\000c\000t\000A\000u\000t\000o\000m\000a\000t\000a\000\050\000\051}{subsection.4.1.2}% 21
\BOOKMARK [2][-]{subsection.4.1.3}{\376\377\0004\000.\0001\000.\0003\000\040\000M\000e\000m\000b\000e\000r\000\040\000D\000a\000t\000a\000\040\000D\000o\000c\000u\000m\000e\000n\000t\000a\000t\000i\000o\000n}{section.4.1}% 22
\BOOKMARK [3][-]{subsubsection.4.1.3.1}{\376\377\0004\000.\0001\000.\0003\000.\0001\000\040\000l\000a\000n\000g\000a\000g\000e}{subsection.4.1.3}% 23
\BOOKMARK [3][-]{subsubsection.4.1.3.2}{\376\377\0004\000.\0001\000.\0003\000.\0002\000\040\000m\000a\000t\000r\000i\000x\000T\000r\000a\000n\000s}{subsection.4.1.3}% 24
\BOOKMARK [3][-]{subsubsection.4.1.3.3}{\376\377\0004\000.\0001\000.\0003\000.\0003\000\040\000s\000t\000a\000t\000e}{subsection.4.1.3}% 25
\BOOKMARK [3][-]{subsubsection.4.1.3.4}{\376\377\0004\000.\0001\000.\0003\000.\0004\000\040\000t\000r\000a\000n\000s\000i\000t\000i\000o\000n}{subsection.4.1.3}% 26
\BOOKMARK [3][-]{subsubsection.4.1.3.5}{\376\377\0004\000.\0001\000.\0003\000.\0005\000\040\000v\000e\000c\000t\000o\000r}{subsection.4.1.3}% 27
\BOOKMARK [1][-]{section.4.2}{\376\377\0004\000.\0002\000\040\000A\000u\000t\000o\000m\000a\000t\000o\000n\000\040\000C\000l\000a\000s\000s\000\040\000R\000e\000f\000e\000r\000e\000n\000c\000e}{chapter.4}% 28
\BOOKMARK [2][-]{subsection.4.2.1}{\376\377\0004\000.\0002\000.\0001\000\040\000C\000o\000n\000s\000t\000r\000u\000c\000t\000o\000r\000\040\000\046\000\040\000D\000e\000s\000t\000r\000u\000c\000t\000o\000r\000\040\000D\000o\000c\000u\000m\000e\000n\000t\000a\000t\000i\000o\000n}{section.4.2}% 29
\BOOKMARK [3][-]{subsubsection.4.2.1.1}{\376\377\0004\000.\0002\000.\0001\000.\0001\000\040\000A\000u\000t\000o\000m\000a\000t\000o\000n\000\050\000\051}{subsection.4.2.1}% 30
\BOOKMARK [2][-]{subsection.4.2.2}{\376\377\0004\000.\0002\000.\0002\000\040\000M\000e\000m\000b\000e\000r\000\040\000F\000u\000n\000c\000t\000i\000o\000n\000\040\000D\000o\000c\000u\000m\000e\000n\000t\000a\000t\000i\000o\000n}{section.4.2}% 31
\BOOKMARK [3][-]{subsubsection.4.2.2.1}{\376\377\0004\000.\0002\000.\0002\000.\0001\000\040\000A\000j\000o\000u\000t\000T\000r\000a\000n\000s\000i\000t\000i\000o\000n\000S\000t\000a\000b\000l\000e\000\050\000\051}{subsection.4.2.2}% 32
\BOOKMARK [3][-]{subsubsection.4.2.2.2}{\376\377\0004\000.\0002\000.\0002\000.\0002\000\040\000A\000u\000t\000o\000m\000a\000t\000e\000A\000c\000c\000e\000s\000s\000i\000b\000l\000e\000\050\000\051}{subsection.4.2.2}% 33
\BOOKMARK [3][-]{subsubsection.4.2.2.3}{\376\377\0004\000.\0002\000.\0002\000.\0003\000\040\000A\000u\000t\000o\000m\000a\000t\000e\000A\000c\000c\000e\000s\000s\000i\000b\000l\000e\000I\000n\000c\000e\000r\000t\000a\000i\000n\000\050\000\051}{subsection.4.2.2}% 34
\BOOKMARK [3][-]{subsubsection.4.2.2.4}{\376\377\0004\000.\0002\000.\0002\000.\0004\000\040\000C\000r\000e\000a\000t\000i\000o\000n\000F\000o\000n\000c\000t\000i\000o\000n\000T\000r\000a\000n\000s\000i\000t\000i\000o\000n\000E\000n\000s\000e\000m\000b\000l\000e\000D\000e\000s\000P\000a\000r\000t\000i\000e\000s\000\050\000\051}{subsection.4.2.2}% 35
\BOOKMARK [3][-]{subsubsection.4.2.2.5}{\376\377\0004\000.\0002\000.\0002\000.\0005\000\040\000E\000n\000s\000e\000m\000b\000l\000e\0002\000E\000t\000a\000t\000s\000\050\000\051}{subsection.4.2.2}% 36
\BOOKMARK [3][-]{subsubsection.4.2.2.6}{\376\377\0004\000.\0002\000.\0002\000.\0006\000\040\000E\000n\000s\000e\000m\000b\000l\000e\000s\000C\000o\000n\000t\000e\000n\000a\000n\000t\000E\000t\000a\000t\000\050\000\051}{subsection.4.2.2}% 37
\BOOKMARK [3][-]{subsubsection.4.2.2.7}{\376\377\0004\000.\0002\000.\0002\000.\0007\000\040\000E\000t\000a\000t\000s\0002\000E\000n\000s\000e\000m\000b\000l\000e\000\050\000\051}{subsection.4.2.2}% 38
\BOOKMARK [3][-]{subsubsection.4.2.2.8}{\376\377\0004\000.\0002\000.\0002\000.\0008\000\040\000E\000v\000o\000l\000u\000t\000i\000o\000n\000\050\000\051}{subsection.4.2.2}% 39
\BOOKMARK [3][-]{subsubsection.4.2.2.9}{\376\377\0004\000.\0002\000.\0002\000.\0009\000\040\000P\000a\000t\000h\000R\000e\000s\000e\000a\000r\000c\000h\000e\000\050\000\051}{subsection.4.2.2}% 40
\BOOKMARK [2][-]{subsection.4.2.3}{\376\377\0004\000.\0002\000.\0003\000\040\000M\000e\000m\000b\000e\000r\000\040\000D\000a\000t\000a\000\040\000D\000o\000c\000u\000m\000e\000n\000t\000a\000t\000i\000o\000n}{section.4.2}% 41
\BOOKMARK [3][-]{subsubsection.4.2.3.1}{\376\377\0004\000.\0002\000.\0003\000.\0001\000\040\000F\000c\000t}{subsection.4.2.3}% 42
\BOOKMARK [3][-]{subsubsection.4.2.3.2}{\376\377\0004\000.\0002\000.\0003\000.\0002\000\040\000M\000a\000t\000r\000i\000c\000e\000s\000T\000r\000a\000n\000s\000i\000t\000i\000o\000n}{subsection.4.2.3}% 43
\BOOKMARK [3][-]{subsubsection.4.2.3.3}{\376\377\0004\000.\0002\000.\0003\000.\0003\000\040\000N\000o\000m\000s\000E\000v\000e\000n\000e\000m\000e\000n\000t\000s}{subsection.4.2.3}% 44
\BOOKMARK [1][-]{section.4.3}{\376\377\0004\000.\0003\000\040\000h\000a\000n\000d\000l\000e\000\040\000C\000l\000a\000s\000s\000\040\000R\000e\000f\000e\000r\000e\000n\000c\000e}{chapter.4}% 45
\BOOKMARK [1][-]{section.4.4}{\376\377\0004\000.\0004\000\040\000L\000a\000b\000y\000r\000i\000n\000t\000h\000e\000\040\000C\000l\000a\000s\000s\000\040\000R\000e\000f\000e\000r\000e\000n\000c\000e}{chapter.4}% 46
\BOOKMARK [2][-]{subsection.4.4.1}{\376\377\0004\000.\0004\000.\0001\000\040\000C\000o\000n\000s\000t\000r\000u\000c\000t\000o\000r\000\040\000\046\000\040\000D\000e\000s\000t\000r\000u\000c\000t\000o\000r\000\040\000D\000o\000c\000u\000m\000e\000n\000t\000a\000t\000i\000o\000n}{section.4.4}% 47
\BOOKMARK [3][-]{subsubsection.4.4.1.1}{\376\377\0004\000.\0004\000.\0001\000.\0001\000\040\000L\000a\000b\000y\000r\000i\000n\000t\000h\000e\000\050\000\051}{subsection.4.4.1}% 48
\BOOKMARK [2][-]{subsection.4.4.2}{\376\377\0004\000.\0004\000.\0002\000\040\000M\000e\000m\000b\000e\000r\000\040\000F\000u\000n\000c\000t\000i\000o\000n\000\040\000D\000o\000c\000u\000m\000e\000n\000t\000a\000t\000i\000o\000n}{section.4.4}% 49
\BOOKMARK [3][-]{subsubsection.4.4.2.1}{\376\377\0004\000.\0004\000.\0002\000.\0001\000\040\000a\000f\000f\000i\000c\000h\000a\000g\000e\000\050\000\051}{subsection.4.4.2}% 50
\BOOKMARK [3][-]{subsubsection.4.4.2.2}{\376\377\0004\000.\0004\000.\0002\000.\0002\000\040\000i\000n\000c\000e\000r\000t\000a\000i\000n\000\050\000\051}{subsection.4.4.2}% 51
\BOOKMARK [3][-]{subsubsection.4.4.2.3}{\376\377\0004\000.\0004\000.\0002\000.\0003\000\040\000j\000u\000s\000q\000u\000\137\000a\000u\000\137\000m\000u\000r\000\050\000\051}{subsection.4.4.2}% 52
\BOOKMARK [3][-]{subsubsection.4.4.2.4}{\376\377\0004\000.\0004\000.\0002\000.\0004\000\040\000P\000a\000s\000\137\000a\000\137\000p\000a\000s\000\050\000\051}{subsection.4.4.2}% 53
\BOOKMARK [2][-]{subsection.4.4.3}{\376\377\0004\000.\0004\000.\0003\000\040\000M\000e\000m\000b\000e\000r\000\040\000D\000a\000t\000a\000\040\000D\000o\000c\000u\000m\000e\000n\000t\000a\000t\000i\000o\000n}{section.4.4}% 54
\BOOKMARK [3][-]{subsubsection.4.4.3.1}{\376\377\0004\000.\0004\000.\0003\000.\0001\000\040\000E\000t\000a\000t\000s\000\137\000F\000i\000n\000a\000u\000x}{subsection.4.4.3}% 55
\BOOKMARK [3][-]{subsubsection.4.4.3.2}{\376\377\0004\000.\0004\000.\0003\000.\0002\000\040\000E\000t\000a\000t\000s\000\137\000I\000n\000i\000t\000i\000a\000u\000x}{subsection.4.4.3}% 56
\BOOKMARK [3][-]{subsubsection.4.4.3.3}{\376\377\0004\000.\0004\000.\0003\000.\0003\000\040\000M\000u\000r\000s\000H\000o\000r\000i\000z\000o\000n\000t\000a\000u\000x}{subsection.4.4.3}% 57
\BOOKMARK [3][-]{subsubsection.4.4.3.4}{\376\377\0004\000.\0004\000.\0003\000.\0004\000\040\000M\000u\000r\000s\000V\000e\000r\000t\000i\000c\000a\000u\000x}{subsection.4.4.3}% 58
\BOOKMARK [1][-]{section.4.5}{\376\377\0004\000.\0005\000\040\000M\000o\000d\000e\000l\000L\000a\000b\000y\000\040\000C\000l\000a\000s\000s\000\040\000R\000e\000f\000e\000r\000e\000n\000c\000e}{chapter.4}% 59
\BOOKMARK [2][-]{subsection.4.5.1}{\376\377\0004\000.\0005\000.\0001\000\040\000D\000e\000t\000a\000i\000l\000e\000d\000\040\000D\000e\000s\000c\000r\000i\000p\000t\000i\000o\000n}{section.4.5}% 60
\BOOKMARK [2][-]{subsection.4.5.2}{\376\377\0004\000.\0005\000.\0002\000\040\000C\000o\000n\000s\000t\000r\000u\000c\000t\000o\000r\000\040\000\046\000\040\000D\000e\000s\000t\000r\000u\000c\000t\000o\000r\000\040\000D\000o\000c\000u\000m\000e\000n\000t\000a\000t\000i\000o\000n}{section.4.5}% 61
\BOOKMARK [3][-]{subsubsection.4.5.2.1}{\376\377\0004\000.\0005\000.\0002\000.\0001\000\040\000M\000o\000d\000e\000l\000L\000a\000b\000y\000\050\000\051}{subsection.4.5.2}% 62
\BOOKMARK [2][-]{subsection.4.5.3}{\376\377\0004\000.\0005\000.\0003\000\040\000M\000e\000m\000b\000e\000r\000\040\000F\000u\000n\000c\000t\000i\000o\000n\000\040\000D\000o\000c\000u\000m\000e\000n\000t\000a\000t\000i\000o\000n}{section.4.5}% 63
\BOOKMARK [3][-]{subsubsection.4.5.3.1}{\376\377\0004\000.\0005\000.\0003\000.\0001\000\040\000f\000\050\000\051}{subsection.4.5.3}% 64
\BOOKMARK [3][-]{subsubsection.4.5.3.2}{\376\377\0004\000.\0005\000.\0003\000.\0002\000\040\000g\000\050\000\051\000\040\000[\0001\000/\0002\000]}{subsection.4.5.3}% 65
\BOOKMARK [3][-]{subsubsection.4.5.3.3}{\376\377\0004\000.\0005\000.\0003\000.\0003\000\040\000g\000\050\000\051\000\040\000[\0002\000/\0002\000]}{subsection.4.5.3}% 66
\BOOKMARK [3][-]{subsubsection.4.5.3.4}{\376\377\0004\000.\0005\000.\0003\000.\0004\000\040\000m\000\050\000\051}{subsection.4.5.3}% 67
\BOOKMARK [2][-]{subsection.4.5.4}{\376\377\0004\000.\0005\000.\0004\000\040\000M\000e\000m\000b\000e\000r\000\040\000D\000a\000t\000a\000\040\000D\000o\000c\000u\000m\000e\000n\000t\000a\000t\000i\000o\000n}{section.4.5}% 68
\BOOKMARK [3][-]{subsubsection.4.5.4.1}{\376\377\0004\000.\0005\000.\0004\000.\0001\000\040\000i\000n\000i\000t\000i\000a\000l\000S\000t\000a\000t\000e}{subsection.4.5.4}% 69
\BOOKMARK [3][-]{subsubsection.4.5.4.2}{\376\377\0004\000.\0005\000.\0004\000.\0002\000\040\000p\000r\000e\000s\000e\000n\000t\000S\000t\000a\000t\000e}{subsection.4.5.4}% 70
\BOOKMARK [1][-]{section.4.6}{\376\377\0004\000.\0006\000\040\000M\000o\000d\000e\000l\000P\000a\000c\000m\000a\000n\000\040\000C\000l\000a\000s\000s\000\040\000R\000e\000f\000e\000r\000e\000n\000c\000e}{chapter.4}% 71
\BOOKMARK [2][-]{subsection.4.6.1}{\376\377\0004\000.\0006\000.\0001\000\040\000C\000o\000n\000s\000t\000r\000u\000c\000t\000o\000r\000\040\000\046\000\040\000D\000e\000s\000t\000r\000u\000c\000t\000o\000r\000\040\000D\000o\000c\000u\000m\000e\000n\000t\000a\000t\000i\000o\000n}{section.4.6}% 72
\BOOKMARK [3][-]{subsubsection.4.6.1.1}{\376\377\0004\000.\0006\000.\0001\000.\0001\000\040\000M\000o\000d\000e\000l\000P\000a\000c\000m\000a\000n\000\050\000\051}{subsection.4.6.1}% 73
\BOOKMARK [2][-]{subsection.4.6.2}{\376\377\0004\000.\0006\000.\0002\000\040\000M\000e\000m\000b\000e\000r\000\040\000F\000u\000n\000c\000t\000i\000o\000n\000\040\000D\000o\000c\000u\000m\000e\000n\000t\000a\000t\000i\000o\000n}{section.4.6}% 74
\BOOKMARK [3][-]{subsubsection.4.6.2.1}{\376\377\0004\000.\0006\000.\0002\000.\0001\000\040\000f\000\050\000\051}{subsection.4.6.2}% 75
\BOOKMARK [3][-]{subsubsection.4.6.2.2}{\376\377\0004\000.\0006\000.\0002\000.\0002\000\040\000g\000\050\000\051\000\040\000[\0001\000/\0002\000]}{subsection.4.6.2}% 76
\BOOKMARK [3][-]{subsubsection.4.6.2.3}{\376\377\0004\000.\0006\000.\0002\000.\0003\000\040\000g\000\050\000\051\000\040\000[\0002\000/\0002\000]}{subsection.4.6.2}% 77
\BOOKMARK [3][-]{subsubsection.4.6.2.4}{\376\377\0004\000.\0006\000.\0002\000.\0004\000\040\000m\000\050\000\051}{subsection.4.6.2}% 78
\BOOKMARK [2][-]{subsection.4.6.3}{\376\377\0004\000.\0006\000.\0003\000\040\000M\000e\000m\000b\000e\000r\000\040\000D\000a\000t\000a\000\040\000D\000o\000c\000u\000m\000e\000n\000t\000a\000t\000i\000o\000n}{section.4.6}% 79
\BOOKMARK [3][-]{subsubsection.4.6.3.1}{\376\377\0004\000.\0006\000.\0003\000.\0001\000\040\000i\000n\000i\000t\000i\000a\000l\000S\000t\000a\000t\000e}{subsection.4.6.3}% 80
\BOOKMARK [3][-]{subsubsection.4.6.3.2}{\376\377\0004\000.\0006\000.\0003\000.\0002\000\040\000p\000r\000e\000s\000e\000n\000t\000S\000t\000a\000t\000e}{subsection.4.6.3}% 81
\BOOKMARK [1][-]{section.4.7}{\376\377\0004\000.\0007\000\040\000M\000o\000d\000e\000l\000S\000E\000D\000\040\000C\000l\000a\000s\000s\000\040\000R\000e\000f\000e\000r\000e\000n\000c\000e}{chapter.4}% 82
\BOOKMARK [2][-]{subsection.4.7.1}{\376\377\0004\000.\0007\000.\0001\000\040\000M\000e\000m\000b\000e\000r\000\040\000F\000u\000n\000c\000t\000i\000o\000n\000\040\000D\000o\000c\000u\000m\000e\000n\000t\000a\000t\000i\000o\000n}{section.4.7}% 83
\BOOKMARK [3][-]{subsubsection.4.7.1.1}{\376\377\0004\000.\0007\000.\0001\000.\0001\000\040\000f\000\050\000\051}{subsection.4.7.1}% 84
\BOOKMARK [3][-]{subsubsection.4.7.1.2}{\376\377\0004\000.\0007\000.\0001\000.\0002\000\040\000g\000\050\000\051}{subsection.4.7.1}% 85
\BOOKMARK [3][-]{subsubsection.4.7.1.3}{\376\377\0004\000.\0007\000.\0001\000.\0003\000\040\000m\000\050\000\051}{subsection.4.7.1}% 86
\BOOKMARK [2][-]{subsection.4.7.2}{\376\377\0004\000.\0007\000.\0002\000\040\000M\000e\000m\000b\000e\000r\000\040\000D\000a\000t\000a\000\040\000D\000o\000c\000u\000m\000e\000n\000t\000a\000t\000i\000o\000n}{section.4.7}% 87
\BOOKMARK [3][-]{subsubsection.4.7.2.1}{\376\377\0004\000.\0007\000.\0002\000.\0001\000\040\000i\000n\000i\000t\000i\000a\000l\000S\000t\000a\000t\000e}{subsection.4.7.2}% 88
\BOOKMARK [3][-]{subsubsection.4.7.2.2}{\376\377\0004\000.\0007\000.\0002\000.\0002\000\040\000p\000r\000e\000s\000e\000n\000t\000S\000t\000a\000t\000e}{subsection.4.7.2}% 89
\BOOKMARK [1][-]{section.4.8}{\376\377\0004\000.\0008\000\040\000M\000o\000d\000e\000l\000W\000a\000l\000l\000s\000\040\000C\000l\000a\000s\000s\000\040\000R\000e\000f\000e\000r\000e\000n\000c\000e}{chapter.4}% 90
\BOOKMARK [2][-]{subsection.4.8.1}{\376\377\0004\000.\0008\000.\0001\000\040\000C\000o\000n\000s\000t\000r\000u\000c\000t\000o\000r\000\040\000\046\000\040\000D\000e\000s\000t\000r\000u\000c\000t\000o\000r\000\040\000D\000o\000c\000u\000m\000e\000n\000t\000a\000t\000i\000o\000n}{section.4.8}% 91
\BOOKMARK [3][-]{subsubsection.4.8.1.1}{\376\377\0004\000.\0008\000.\0001\000.\0001\000\040\000M\000o\000d\000e\000l\000W\000a\000l\000l\000s\000\050\000\051}{subsection.4.8.1}% 92
\BOOKMARK [2][-]{subsection.4.8.2}{\376\377\0004\000.\0008\000.\0002\000\040\000M\000e\000m\000b\000e\000r\000\040\000F\000u\000n\000c\000t\000i\000o\000n\000\040\000D\000o\000c\000u\000m\000e\000n\000t\000a\000t\000i\000o\000n}{section.4.8}% 93
\BOOKMARK [3][-]{subsubsection.4.8.2.1}{\376\377\0004\000.\0008\000.\0002\000.\0001\000\040\000f\000\050\000\051\000\040\000[\0001\000/\0002\000]}{subsection.4.8.2}% 94
\BOOKMARK [3][-]{subsubsection.4.8.2.2}{\376\377\0004\000.\0008\000.\0002\000.\0002\000\040\000f\000\050\000\051\000\040\000[\0002\000/\0002\000]}{subsection.4.8.2}% 95
\BOOKMARK [3][-]{subsubsection.4.8.2.3}{\376\377\0004\000.\0008\000.\0002\000.\0003\000\040\000g\000\050\000\051\000\040\000[\0001\000/\0002\000]}{subsection.4.8.2}% 96
\BOOKMARK [3][-]{subsubsection.4.8.2.4}{\376\377\0004\000.\0008\000.\0002\000.\0004\000\040\000g\000\050\000\051\000\040\000[\0002\000/\0002\000]}{subsection.4.8.2}% 97
\BOOKMARK [3][-]{subsubsection.4.8.2.5}{\376\377\0004\000.\0008\000.\0002\000.\0005\000\040\000m\000\050\000\051}{subsection.4.8.2}% 98
\BOOKMARK [2][-]{subsection.4.8.3}{\376\377\0004\000.\0008\000.\0003\000\040\000M\000e\000m\000b\000e\000r\000\040\000D\000a\000t\000a\000\040\000D\000o\000c\000u\000m\000e\000n\000t\000a\000t\000i\000o\000n}{section.4.8}% 99
\BOOKMARK [3][-]{subsubsection.4.8.3.1}{\376\377\0004\000.\0008\000.\0003\000.\0001\000\040\000i}{subsection.4.8.3}% 100
\BOOKMARK [3][-]{subsubsection.4.8.3.2}{\376\377\0004\000.\0008\000.\0003\000.\0002\000\040\000i\000n\000i\000t\000i\000a\000l\000S\000t\000a\000t\000e}{subsection.4.8.3}% 101
\BOOKMARK [3][-]{subsubsection.4.8.3.3}{\376\377\0004\000.\0008\000.\0003\000.\0003\000\040\000p\000r\000e\000s\000e\000n\000t\000S\000t\000a\000t\000e}{subsection.4.8.3}% 102
\BOOKMARK [3][-]{subsubsection.4.8.3.4}{\376\377\0004\000.\0008\000.\0003\000.\0004\000\040\000v\000a\000l}{subsection.4.8.3}% 103
\BOOKMARK [1][-]{section.4.9}{\376\377\0004\000.\0009\000\040\000S\000t\000o\000p\000C\000o\000n\000d\000i\000t\000i\000o\000n\000\040\000C\000l\000a\000s\000s\000\040\000R\000e\000f\000e\000r\000e\000n\000c\000e}{chapter.4}% 104
\BOOKMARK [2][-]{subsection.4.9.1}{\376\377\0004\000.\0009\000.\0001\000\040\000C\000o\000n\000s\000t\000r\000u\000c\000t\000o\000r\000\040\000\046\000\040\000D\000e\000s\000t\000r\000u\000c\000t\000o\000r\000\040\000D\000o\000c\000u\000m\000e\000n\000t\000a\000t\000i\000o\000n}{section.4.9}% 105
\BOOKMARK [3][-]{subsubsection.4.9.1.1}{\376\377\0004\000.\0009\000.\0001\000.\0001\000\040\000S\000t\000o\000p\000C\000o\000n\000d\000i\000t\000i\000o\000n\000\050\000\051}{subsection.4.9.1}% 106
\BOOKMARK [2][-]{subsection.4.9.2}{\376\377\0004\000.\0009\000.\0002\000\040\000M\000e\000m\000b\000e\000r\000\040\000F\000u\000n\000c\000t\000i\000o\000n\000\040\000D\000o\000c\000u\000m\000e\000n\000t\000a\000t\000i\000o\000n}{section.4.9}% 107
\BOOKMARK [3][-]{subsubsection.4.9.2.1}{\376\377\0004\000.\0009\000.\0002\000.\0001\000\040\000f\000\050\000\051\000\040\000[\0001\000/\0002\000]}{subsection.4.9.2}% 108
\BOOKMARK [3][-]{subsubsection.4.9.2.2}{\376\377\0004\000.\0009\000.\0002\000.\0002\000\040\000f\000\050\000\051\000\040\000[\0002\000/\0002\000]}{subsection.4.9.2}% 109
\BOOKMARK [3][-]{subsubsection.4.9.2.3}{\376\377\0004\000.\0009\000.\0002\000.\0003\000\040\000g\000\050\000\051\000\040\000[\0001\000/\0002\000]}{subsection.4.9.2}% 110
\BOOKMARK [3][-]{subsubsection.4.9.2.4}{\376\377\0004\000.\0009\000.\0002\000.\0004\000\040\000g\000\050\000\051\000\040\000[\0002\000/\0002\000]}{subsection.4.9.2}% 111
\BOOKMARK [3][-]{subsubsection.4.9.2.5}{\376\377\0004\000.\0009\000.\0002\000.\0005\000\040\000m\000\050\000\051}{subsection.4.9.2}% 112
\BOOKMARK [2][-]{subsection.4.9.3}{\376\377\0004\000.\0009\000.\0003\000\040\000M\000e\000m\000b\000e\000r\000\040\000D\000a\000t\000a\000\040\000D\000o\000c\000u\000m\000e\000n\000t\000a\000t\000i\000o\000n}{section.4.9}% 113
\BOOKMARK [3][-]{subsubsection.4.9.3.1}{\376\377\0004\000.\0009\000.\0003\000.\0001\000\040\000i\000n\000i\000t\000i\000a\000l\000S\000t\000a\000t\000e}{subsection.4.9.3}% 114
\BOOKMARK [3][-]{subsubsection.4.9.3.2}{\376\377\0004\000.\0009\000.\0003\000.\0002\000\040\000p\000r\000e\000s\000e\000n\000t\000S\000t\000a\000t\000e}{subsection.4.9.3}% 115
\BOOKMARK [1][-]{section.4.10}{\376\377\0004\000.\0001\0000\000\040\000W\000r\000a\000p\000p\000e\000r\000\040\000C\000l\000a\000s\000s\000\040\000R\000e\000f\000e\000r\000e\000n\000c\000e}{chapter.4}% 116
\BOOKMARK [2][-]{subsection.4.10.1}{\376\377\0004\000.\0001\0000\000.\0001\000\040\000C\000o\000n\000s\000t\000r\000u\000c\000t\000o\000r\000\040\000\046\000\040\000D\000e\000s\000t\000r\000u\000c\000t\000o\000r\000\040\000D\000o\000c\000u\000m\000e\000n\000t\000a\000t\000i\000o\000n}{section.4.10}% 117
\BOOKMARK [3][-]{subsubsection.4.10.1.1}{\376\377\0004\000.\0001\0000\000.\0001\000.\0001\000\040\000W\000r\000a\000p\000p\000e\000r\000\050\000\051}{subsection.4.10.1}% 118
\BOOKMARK [2][-]{subsection.4.10.2}{\376\377\0004\000.\0001\0000\000.\0002\000\040\000M\000e\000m\000b\000e\000r\000\040\000F\000u\000n\000c\000t\000i\000o\000n\000\040\000D\000o\000c\000u\000m\000e\000n\000t\000a\000t\000i\000o\000n}{section.4.10}% 119
\BOOKMARK [3][-]{subsubsection.4.10.2.1}{\376\377\0004\000.\0001\0000\000.\0002\000.\0001\000\040\000g\000e\000t\000\137\000o\000u\000t\000\050\000\051}{subsection.4.10.2}% 120
\BOOKMARK [3][-]{subsubsection.4.10.2.2}{\376\377\0004\000.\0001\0000\000.\0002\000.\0002\000\040\000g\000e\000t\000\137\000s\000t\000o\000p\000\050\000\051}{subsection.4.10.2}% 121
\BOOKMARK [3][-]{subsubsection.4.10.2.3}{\376\377\0004\000.\0001\0000\000.\0002\000.\0003\000\040\000i\000n\000i\000t\000\050\000\051}{subsection.4.10.2}% 122
\BOOKMARK [3][-]{subsubsection.4.10.2.4}{\376\377\0004\000.\0001\0000\000.\0002\000.\0004\000\040\000o\000r\000d\000e\000r\000e\000r\000\050\000\051}{subsection.4.10.2}% 123
\BOOKMARK [3][-]{subsubsection.4.10.2.5}{\376\377\0004\000.\0001\0000\000.\0002\000.\0005\000\040\000u\000p\000d\000a\000t\000e\000C\000o\000n\000n\000e\000x\000i\000o\000n\000\050\000\051}{subsection.4.10.2}% 124
\BOOKMARK [2][-]{subsection.4.10.3}{\376\377\0004\000.\0001\0000\000.\0003\000\040\000M\000e\000m\000b\000e\000r\000\040\000D\000a\000t\000a\000\040\000D\000o\000c\000u\000m\000e\000n\000t\000a\000t\000i\000o\000n}{section.4.10}% 125
\BOOKMARK [3][-]{subsubsection.4.10.3.1}{\376\377\0004\000.\0001\0000\000.\0003\000.\0001\000\040\000c\000o\000m\000m\000a\000n\000d\000P\000a\000c\000m\000a\000n}{subsection.4.10.3}% 126
\BOOKMARK [3][-]{subsubsection.4.10.3.2}{\376\377\0004\000.\0001\0000\000.\0003\000.\0002\000\040\000c\000o\000m\000m\000a\000n\000d\000W\000a\000l\000l\000s}{subsection.4.10.3}% 127
\BOOKMARK [3][-]{subsubsection.4.10.3.3}{\376\377\0004\000.\0001\0000\000.\0003\000.\0003\000\040\000i\000n}{subsection.4.10.3}% 128
\BOOKMARK [3][-]{subsubsection.4.10.3.4}{\376\377\0004\000.\0001\0000\000.\0003\000.\0004\000\040\000m\000o\000d\000e\000l\000L\000a\000b\000y}{subsection.4.10.3}% 129
\BOOKMARK [3][-]{subsubsection.4.10.3.5}{\376\377\0004\000.\0001\0000\000.\0003\000.\0005\000\040\000o\000u\000t}{subsection.4.10.3}% 130
\BOOKMARK [3][-]{subsubsection.4.10.3.6}{\376\377\0004\000.\0001\0000\000.\0003\000.\0006\000\040\000p\000a\000c\000m\000a\000n\000B\000i\000t}{subsection.4.10.3}% 131
\BOOKMARK [3][-]{subsubsection.4.10.3.7}{\376\377\0004\000.\0001\0000\000.\0003\000.\0007\000\040\000s\000t\000o\000p}{subsection.4.10.3}% 132
\BOOKMARK [3][-]{subsubsection.4.10.3.8}{\376\377\0004\000.\0001\0000\000.\0003\000.\0008\000\040\000s\000t\000o\000p\000C\000o\000n\000d\000i\000t\000i\000o\000n}{subsection.4.10.3}% 133
\BOOKMARK [3][-]{subsubsection.4.10.3.9}{\376\377\0004\000.\0001\0000\000.\0003\000.\0009\000\040\000w\000a\000l\000l\000s\000B\000i\000t}{subsection.4.10.3}% 134
\BOOKMARK [3][-]{subsubsection.4.10.3.10}{\376\377\0004\000.\0001\0000\000.\0003\000.\0001\0000\000\040\000w\000h\000o\000P\000l\000a\000y}{subsection.4.10.3}% 135
\BOOKMARK [0][-]{chapter.5}{\376\377\0005\000\040\000F\000i\000l\000e\000\040\000D\000o\000c\000u\000m\000e\000n\000t\000a\000t\000i\000o\000n}{}% 136
\BOOKMARK [1][-]{section.5.1}{\376\377\0005\000.\0001\000\040\000a\000u\000t\000o\000m\000a\000t\000o\000n\000/\000A\000u\000t\000o\000m\000a\000t\000e\000G\000r\000a\000p\000h\000.\000m\000\040\000F\000i\000l\000e\000\040\000R\000e\000f\000e\000r\000e\000n\000c\000e}{chapter.5}% 137
\BOOKMARK [1][-]{section.5.2}{\376\377\0005\000.\0002\000\040\000a\000u\000t\000o\000m\000a\000t\000o\000n\000/\000m\000a\000i\000n\000L\000a\000b\000y\000.\000m\000\040\000F\000i\000l\000e\000\040\000R\000e\000f\000e\000r\000e\000n\000c\000e}{chapter.5}% 138
\BOOKMARK [1][-]{section.5.3}{\376\377\0005\000.\0003\000\040\000a\000u\000t\000o\000m\000a\000t\000o\000n\000/\000m\000o\000d\000e\000l\000G\000e\000n\000e\000r\000a\000t\000o\000r\000/\000A\000u\000t\000o\000m\000a\000t\000o\000n\000S\000c\000h\000e\000d\000u\000l\000i\000n\000g\000C\000r\000e\000a\000t\000i\000o\000n\000.\000m\000\040\000F\000i\000l\000e\000\040\000R\000e\000f\000e\000r\000e\000n\000c\000e}{chapter.5}% 139
\BOOKMARK [2][-]{subsection.5.3.1}{\376\377\0005\000.\0003\000.\0001\000\040\000F\000u\000n\000c\000t\000i\000o\000n\000\040\000D\000o\000c\000u\000m\000e\000n\000t\000a\000t\000i\000o\000n}{section.5.3}% 140
\BOOKMARK [3][-]{subsubsection.5.3.1.1}{\376\377\0005\000.\0003\000.\0001\000.\0001\000\040\000f\000u\000n\000c\000t\000i\000o\000n\000\050\000\051}{subsection.5.3.1}% 141
\BOOKMARK [1][-]{section.5.4}{\376\377\0005\000.\0004\000\040\000a\000u\000t\000o\000m\000a\000t\000o\000n\000/\000m\000o\000d\000e\000l\000G\000e\000n\000e\000r\000a\000t\000o\000r\000/\000A\000u\000t\000o\000m\000a\000t\000o\000n\000S\000t\000r\000u\000t\000u\000r\000e\000L\000a\000b\000y\000C\000r\000e\000a\000t\000i\000o\000n\000.\000m\000\040\000F\000i\000l\000e\000\040\000R\000e\000f\000e\000r\000e\000n\000c\000e}{chapter.5}% 142
\BOOKMARK [2][-]{subsection.5.4.1}{\376\377\0005\000.\0004\000.\0001\000\040\000F\000u\000n\000c\000t\000i\000o\000n\000\040\000D\000o\000c\000u\000m\000e\000n\000t\000a\000t\000i\000o\000n}{section.5.4}% 143
\BOOKMARK [3][-]{subsubsection.5.4.1.1}{\376\377\0005\000.\0004\000.\0001\000.\0001\000\040\000A\000u\000t\000o\000m\000a\000t\000o\000n\000S\000t\000r\000u\000t\000u\000r\000e\000L\000a\000b\000y\000C\000r\000e\000a\000t\000i\000o\000n\000\050\000\051}{subsection.5.4.1}% 144
\BOOKMARK [1][-]{section.5.5}{\376\377\0005\000.\0005\000\040\000a\000u\000t\000o\000m\000a\000t\000o\000n\000/\000m\000o\000d\000e\000l\000G\000e\000n\000e\000r\000a\000t\000o\000r\000/\000A\000u\000t\000o\000m\000a\000t\000o\000n\000W\000a\000l\000l\000s\000C\000o\000n\000t\000r\000a\000i\000n\000t\000s\000C\000r\000e\000a\000t\000i\000o\000n\000.\000m\000\040\000F\000i\000l\000e\000\040\000R\000e\000f\000e\000r\000e\000n\000c\000e}{chapter.5}% 145
\BOOKMARK [2][-]{subsection.5.5.1}{\376\377\0005\000.\0005\000.\0001\000\040\000F\000u\000n\000c\000t\000i\000o\000n\000\040\000D\000o\000c\000u\000m\000e\000n\000t\000a\000t\000i\000o\000n}{section.5.5}% 146
\BOOKMARK [3][-]{subsubsection.5.5.1.1}{\376\377\0005\000.\0005\000.\0001\000.\0001\000\040\000A\000u\000t\000o\000m\000a\000t\000o\000n\000W\000a\000l\000l\000s\000C\000o\000n\000t\000r\000a\000i\000n\000t\000s\000C\000r\000e\000a\000t\000i\000o\000n\000\050\000\051}{subsection.5.5.1}% 147
\BOOKMARK [1][-]{section.5.6}{\376\377\0005\000.\0006\000\040\000a\000u\000t\000o\000m\000a\000t\000o\000n\000/\000m\000o\000d\000e\000l\000G\000e\000n\000e\000r\000a\000t\000o\000r\000/\000g\000e\000n\000e\000r\000e\000r\000\137\000l\000a\000b\000.\000m\000\040\000F\000i\000l\000e\000\040\000R\000e\000f\000e\000r\000e\000n\000c\000e}{chapter.5}% 148
\BOOKMARK [2][-]{subsection.5.6.1}{\376\377\0005\000.\0006\000.\0001\000\040\000F\000u\000n\000c\000t\000i\000o\000n\000\040\000D\000o\000c\000u\000m\000e\000n\000t\000a\000t\000i\000o\000n}{section.5.6}% 149
\BOOKMARK [3][-]{subsubsection.5.6.1.1}{\376\377\0005\000.\0006\000.\0001\000.\0001\000\040\000g\000e\000n\000e\000r\000e\000r\000\137\000l\000a\000b\000\050\000\051}{subsection.5.6.1}% 150
\BOOKMARK [1][-]{section.5.7}{\376\377\0005\000.\0007\000\040\000a\000u\000t\000o\000m\000a\000t\000o\000n\000/\000m\000o\000d\000e\000l\000G\000e\000n\000e\000r\000a\000t\000o\000r\000/\000m\000o\000d\000e\000l\000G\000e\000n\000e\000r\000a\000t\000o\000r\000.\000m\000\040\000F\000i\000l\000e\000\040\000R\000e\000f\000e\000r\000e\000n\000c\000e}{chapter.5}% 151
\BOOKMARK [1][-]{section.5.8}{\376\377\0005\000.\0008\000\040\000a\000u\000t\000o\000m\000a\000t\000o\000n\000/\000m\000o\000d\000e\000l\000G\000e\000n\000e\000r\000a\000t\000o\000r\000/\000P\000l\000a\000n\000\137\000d\000e\000s\000u\000m\000a\000F\000u\000n\000c\000t\000i\000o\000n\000s\000.\000m\000\040\000F\000i\000l\000e\000\040\000R\000e\000f\000e\000r\000e\000n\000c\000e}{chapter.5}% 152
\BOOKMARK [2][-]{subsection.5.8.1}{\376\377\0005\000.\0008\000.\0001\000\040\000F\000u\000n\000c\000t\000i\000o\000n\000\040\000D\000o\000c\000u\000m\000e\000n\000t\000a\000t\000i\000o\000n}{section.5.8}% 153
\BOOKMARK [3][-]{subsubsection.5.8.1.1}{\376\377\0005\000.\0008\000.\0001\000.\0001\000\040\000A\000u\000t\000o\000m\000a\000t\000o\000n\000S\000t\000r\000u\000t\000u\000r\000e\000L\000a\000b\000y\000C\000r\000e\000a\000t\000i\000o\000n\000\050\000\051}{subsection.5.8.1}% 154
\BOOKMARK [3][-]{subsubsection.5.8.1.2}{\376\377\0005\000.\0008\000.\0001\000.\0002\000\040\000f\000u\000n\000c\000t\000i\000o\000n\000\050\000\051}{subsection.5.8.1}% 155
\BOOKMARK [3][-]{subsubsection.5.8.1.3}{\376\377\0005\000.\0008\000.\0001\000.\0003\000\040\000S\000a\000v\000e\000D\000E\000S\000U\000M\000A\000F\000i\000l\000e\000\050\000\051}{subsection.5.8.1}% 156
\BOOKMARK [3][-]{subsubsection.5.8.1.4}{\376\377\0005\000.\0008\000.\0001\000.\0004\000\040\000w\000r\000i\000t\000e\000S\000t\000a\000t\000e\000s\000\050\000\051}{subsection.5.8.1}% 157
\BOOKMARK [3][-]{subsubsection.5.8.1.5}{\376\377\0005\000.\0008\000.\0001\000.\0005\000\040\000w\000r\000i\000t\000e\000T\000r\000a\000n\000s\000i\000t\000i\000o\000n\000s\000\050\000\051}{subsection.5.8.1}% 158
\BOOKMARK [1][-]{section.5.9}{\376\377\0005\000.\0009\000\040\000a\000u\000t\000o\000m\000a\000t\000o\000n\000/\000m\000o\000d\000e\000l\000G\000e\000n\000e\000r\000a\000t\000o\000r\000/\000S\000a\000v\000e\000D\000E\000S\000U\000M\000A\000F\000i\000l\000e\000.\000m\000\040\000F\000i\000l\000e\000\040\000R\000e\000f\000e\000r\000e\000n\000c\000e}{chapter.5}% 159
\BOOKMARK [2][-]{subsection.5.9.1}{\376\377\0005\000.\0009\000.\0001\000\040\000F\000u\000n\000c\000t\000i\000o\000n\000\040\000D\000o\000c\000u\000m\000e\000n\000t\000a\000t\000i\000o\000n}{section.5.9}% 160
\BOOKMARK [3][-]{subsubsection.5.9.1.1}{\376\377\0005\000.\0009\000.\0001\000.\0001\000\040\000S\000a\000v\000e\000D\000E\000S\000U\000M\000A\000F\000i\000l\000e\000\050\000\051}{subsection.5.9.1}% 161
\BOOKMARK [1][-]{section.5.10}{\376\377\0005\000.\0001\0000\000\040\000a\000u\000t\000o\000m\000a\000t\000o\000n\000/\000m\000o\000d\000e\000l\000G\000e\000n\000e\000r\000a\000t\000o\000r\000/\000w\000r\000i\000t\000e\000S\000t\000a\000t\000e\000s\000.\000m\000\040\000F\000i\000l\000e\000\040\000R\000e\000f\000e\000r\000e\000n\000c\000e}{chapter.5}% 162
\BOOKMARK [2][-]{subsection.5.10.1}{\376\377\0005\000.\0001\0000\000.\0001\000\040\000F\000u\000n\000c\000t\000i\000o\000n\000\040\000D\000o\000c\000u\000m\000e\000n\000t\000a\000t\000i\000o\000n}{section.5.10}% 163
\BOOKMARK [3][-]{subsubsection.5.10.1.1}{\376\377\0005\000.\0001\0000\000.\0001\000.\0001\000\040\000w\000r\000i\000t\000e\000S\000t\000a\000t\000e\000s\000\050\000\051}{subsection.5.10.1}% 164
\BOOKMARK [1][-]{section.5.11}{\376\377\0005\000.\0001\0001\000\040\000a\000u\000t\000o\000m\000a\000t\000o\000n\000/\000m\000o\000d\000e\000l\000G\000e\000n\000e\000r\000a\000t\000o\000r\000/\000w\000r\000i\000t\000e\000T\000r\000a\000n\000s\000i\000t\000i\000o\000n\000s\000.\000m\000\040\000F\000i\000l\000e\000\040\000R\000e\000f\000e\000r\000e\000n\000c\000e}{chapter.5}% 165
\BOOKMARK [2][-]{subsection.5.11.1}{\376\377\0005\000.\0001\0001\000.\0001\000\040\000F\000u\000n\000c\000t\000i\000o\000n\000\040\000D\000o\000c\000u\000m\000e\000n\000t\000a\000t\000i\000o\000n}{section.5.11}% 166
\BOOKMARK [3][-]{subsubsection.5.11.1.1}{\376\377\0005\000.\0001\0001\000.\0001\000.\0001\000\040\000w\000r\000i\000t\000e\000T\000r\000a\000n\000s\000i\000t\000i\000o\000n\000s\000\050\000\051}{subsection.5.11.1}% 167
\BOOKMARK [1][-]{section.5.12}{\376\377\0005\000.\0001\0002\000\040\000a\000u\000t\000o\000m\000a\000t\000o\000n\000/\000o\000p\000t\000i\000m\000a\000l\000C\000o\000m\000m\000a\000n\000d\000/\000c\000r\000e\000a\000t\000i\000o\000n\000M\000a\000t\000r\000i\000c\000e\000t\000r\000a\000n\000s\000i\000t\000i\000o\000n\000.\000m\000\040\000F\000i\000l\000e\000\040\000R\000e\000f\000e\000r\000e\000n\000c\000e}{chapter.5}% 168
\BOOKMARK [2][-]{subsection.5.12.1}{\376\377\0005\000.\0001\0002\000.\0001\000\040\000F\000u\000n\000c\000t\000i\000o\000n\000\040\000D\000o\000c\000u\000m\000e\000n\000t\000a\000t\000i\000o\000n}{section.5.12}% 169
\BOOKMARK [3][-]{subsubsection.5.12.1.1}{\376\377\0005\000.\0001\0002\000.\0001\000.\0001\000\040\000c\000r\000e\000a\000t\000i\000o\000n\000M\000a\000t\000r\000i\000c\000e\000t\000r\000a\000n\000s\000i\000t\000i\000o\000n\000\050\000\051}{subsection.5.12.1}% 170
\BOOKMARK [1][-]{section.5.13}{\376\377\0005\000.\0001\0003\000\040\000a\000u\000t\000o\000m\000a\000t\000o\000n\000/\000o\000p\000t\000i\000m\000a\000l\000C\000o\000m\000m\000a\000n\000d\000/\000g\000e\000t\000S\000t\000a\000t\000e\000T\000r\000a\000n\000s\000i\000t\000i\000o\000n\000F\000S\000M\000.\000m\000\040\000F\000i\000l\000e\000\040\000R\000e\000f\000e\000r\000e\000n\000c\000e}{chapter.5}% 171
\BOOKMARK [2][-]{subsection.5.13.1}{\376\377\0005\000.\0001\0003\000.\0001\000\040\000F\000u\000n\000c\000t\000i\000o\000n\000\040\000D\000o\000c\000u\000m\000e\000n\000t\000a\000t\000i\000o\000n}{section.5.13}% 172
\BOOKMARK [3][-]{subsubsection.5.13.1.1}{\376\377\0005\000.\0001\0003\000.\0001\000.\0001\000\040\000g\000e\000t\000S\000t\000a\000t\000e\000T\000r\000a\000n\000s\000i\000t\000i\000o\000n\000F\000S\000M\000\050\000\051}{subsection.5.13.1}% 173
\BOOKMARK [1][-]{section.5.14}{\376\377\0005\000.\0001\0004\000\040\000a\000u\000t\000o\000m\000a\000t\000o\000n\000/\000o\000p\000t\000i\000m\000a\000l\000C\000o\000m\000m\000a\000n\000d\000/\000g\000e\000t\000S\000t\000a\000t\000e\000T\000r\000a\000n\000s\000i\000t\000i\000o\000n\000T\000X\000T\000.\000m\000\040\000F\000i\000l\000e\000\040\000R\000e\000f\000e\000r\000e\000n\000c\000e}{chapter.5}% 174
\BOOKMARK [2][-]{subsection.5.14.1}{\376\377\0005\000.\0001\0004\000.\0001\000\040\000F\000u\000n\000c\000t\000i\000o\000n\000\040\000D\000o\000c\000u\000m\000e\000n\000t\000a\000t\000i\000o\000n}{section.5.14}% 175
\BOOKMARK [3][-]{subsubsection.5.14.1.1}{\376\377\0005\000.\0001\0004\000.\0001\000.\0001\000\040\000g\000e\000t\000S\000t\000a\000t\000e\000T\000r\000a\000n\000s\000i\000t\000i\000o\000n\000T\000X\000T\000\050\000\051}{subsection.5.14.1}% 176
\BOOKMARK [1][-]{section.5.15}{\376\377\0005\000.\0001\0005\000\040\000a\000u\000t\000o\000m\000a\000t\000o\000n\000/\000o\000p\000t\000i\000m\000a\000l\000C\000o\000m\000m\000a\000n\000d\000/\000m\000a\000i\000n\000.\000m\000\040\000F\000i\000l\000e\000\040\000R\000e\000f\000e\000r\000e\000n\000c\000e}{chapter.5}% 177
\BOOKMARK [1][-]{section.5.16}{\376\377\0005\000.\0001\0006\000\040\000m\000a\000i\000n\000.\000m\000\040\000F\000i\000l\000e\000\040\000R\000e\000f\000e\000r\000e\000n\000c\000e}{chapter.5}% 178
\BOOKMARK [1][-]{section.5.17}{\376\377\0005\000.\0001\0007\000\040\000a\000u\000t\000o\000m\000a\000t\000o\000n\000/\000o\000p\000t\000i\000m\000a\000l\000C\000o\000m\000m\000a\000n\000d\000/\000o\000p\000t\000i\000m\000a\000l\000C\000o\000m\000m\000a\000n\000d\000.\000m\000\040\000F\000i\000l\000e\000\040\000R\000e\000f\000e\000r\000e\000n\000c\000e}{chapter.5}% 179
\BOOKMARK [2][-]{subsection.5.17.1}{\376\377\0005\000.\0001\0007\000.\0001\000\040\000F\000u\000n\000c\000t\000i\000o\000n\000\040\000D\000o\000c\000u\000m\000e\000n\000t\000a\000t\000i\000o\000n}{section.5.17}% 180
\BOOKMARK [3][-]{subsubsection.5.17.1.1}{\376\377\0005\000.\0001\0007\000.\0001\000.\0001\000\040\000o\000p\000t\000i\000m\000a\000l\000C\000o\000m\000m\000a\000n\000d\000\050\000\051}{subsection.5.17.1}% 181
\BOOKMARK [1][-]{section.5.18}{\376\377\0005\000.\0001\0008\000\040\000a\000u\000t\000o\000m\000a\000t\000o\000n\000/\000o\000p\000t\000i\000m\000a\000l\000C\000o\000m\000m\000a\000n\000d\000/\000P\000a\000r\000c\000o\000u\000r\000i\000r\000M\000a\000t\000r\000i\000c\000e\000s\000T\000r\000a\000n\000s\000i\000t\000i\000o\000n\000s\000.\000m\000\040\000F\000i\000l\000e\000\040\000R\000e\000f\000e\000r\000e\000n\000c\000e}{chapter.5}% 182
\BOOKMARK [2][-]{subsection.5.18.1}{\376\377\0005\000.\0001\0008\000.\0001\000\040\000F\000u\000n\000c\000t\000i\000o\000n\000\040\000D\000o\000c\000u\000m\000e\000n\000t\000a\000t\000i\000o\000n}{section.5.18}% 183
\BOOKMARK [3][-]{subsubsection.5.18.1.1}{\376\377\0005\000.\0001\0008\000.\0001\000.\0001\000\040\000P\000a\000r\000c\000o\000u\000r\000i\000r\000M\000a\000t\000r\000i\000c\000e\000s\000T\000r\000a\000n\000s\000i\000t\000i\000o\000n\000s\000\050\000\051}{subsection.5.18.1}% 184
\BOOKMARK [1][-]{section.5.19}{\376\377\0005\000.\0001\0009\000\040\000a\000u\000t\000o\000m\000a\000t\000o\000n\000/\000o\000p\000t\000i\000m\000a\000l\000C\000o\000m\000m\000a\000n\000d\000/\000r\000a\000f\000i\000n\000e\000A\000u\000t\000o\000m\000a\000t\000o\000n\000.\000m\000\040\000F\000i\000l\000e\000\040\000R\000e\000f\000e\000r\000e\000n\000c\000e}{chapter.5}% 185
\BOOKMARK [1][-]{section.5.20}{\376\377\0005\000.\0002\0000\000\040\000a\000u\000t\000o\000m\000a\000t\000o\000n\000/\000o\000p\000t\000i\000m\000a\000l\000C\000o\000m\000m\000a\000n\000d\000/\000r\000a\000f\000i\000n\000e\000A\000u\000t\000o\000m\000a\000t\000o\000n\000C\000l\000a\000s\000s\000.\000m\000\040\000F\000i\000l\000e\000\040\000R\000e\000f\000e\000r\000e\000n\000c\000e}{chapter.5}% 186
\BOOKMARK [2][-]{subsection.5.20.1}{\376\377\0005\000.\0002\0000\000.\0001\000\040\000F\000u\000n\000c\000t\000i\000o\000n\000\040\000D\000o\000c\000u\000m\000e\000n\000t\000a\000t\000i\000o\000n}{section.5.20}% 187
\BOOKMARK [3][-]{subsubsection.5.20.1.1}{\376\377\0005\000.\0002\0000\000.\0001\000.\0001\000\040\000r\000a\000f\000i\000n\000e\000A\000u\000t\000o\000m\000a\000t\000o\000n\000C\000l\000a\000s\000s\000\050\000\051}{subsection.5.20.1}% 188
\BOOKMARK [1][-]{section.5.21}{\376\377\0005\000.\0002\0001\000\040\000a\000u\000t\000o\000m\000a\000t\000o\000n\000/\000P\000a\000r\000r\000a\000l\000l\000e\000l\000C\000o\000m\000p\000o\000s\000i\000t\000i\000o\000n\000.\000m\000\040\000F\000i\000l\000e\000\040\000R\000e\000f\000e\000r\000e\000n\000c\000e}{chapter.5}% 189
\BOOKMARK [2][-]{subsection.5.21.1}{\376\377\0005\000.\0002\0001\000.\0001\000\040\000F\000u\000n\000c\000t\000i\000o\000n\000\040\000D\000o\000c\000u\000m\000e\000n\000t\000a\000t\000i\000o\000n}{section.5.21}% 190
\BOOKMARK [3][-]{subsubsection.5.21.1.1}{\376\377\0005\000.\0002\0001\000.\0001\000.\0001\000\040\000P\000a\000r\000r\000a\000l\000l\000e\000l\000C\000o\000m\000p\000o\000s\000i\000t\000i\000o\000n\000\050\000\051}{subsection.5.21.1}% 191
\BOOKMARK [1][-]{section.5.22}{\376\377\0005\000.\0002\0002\000\040\000a\000u\000t\000o\000m\000a\000t\000o\000n\000\137\000n\000d\000/\000A\000u\000t\000o\000m\000a\000t\000o\000n\000.\000m\000\040\000F\000i\000l\000e\000\040\000R\000e\000f\000e\000r\000e\000n\000c\000e}{chapter.5}% 192
\BOOKMARK [1][-]{section.5.23}{\376\377\0005\000.\0002\0003\000\040\000a\000u\000t\000o\000m\000a\000t\000o\000n\000\137\000n\000d\000/\000L\000a\000b\000y\000r\000i\000n\000t\000h\000e\000.\000m\000\040\000F\000i\000l\000e\000\040\000R\000e\000f\000e\000r\000e\000n\000c\000e}{chapter.5}% 193
\BOOKMARK [1][-]{section.5.24}{\376\377\0005\000.\0002\0004\000\040\000a\000u\000t\000o\000m\000a\000t\000o\000n\000\137\000n\000d\000/\000m\000o\000d\000i\000\137\000m\000a\000i\000n\000.\000m\000\040\000F\000i\000l\000e\000\040\000R\000e\000f\000e\000r\000e\000n\000c\000e}{chapter.5}% 194
\BOOKMARK [1][-]{section.5.25}{\376\377\0005\000.\0002\0005\000\040\000C\000r\000e\000a\000t\000e\000P\000i\000t\000u\000r\000e\000s\000A\000n\000d\000V\000i\000d\000e\000o\000.\000m\000\040\000F\000i\000l\000e\000\040\000R\000e\000f\000e\000r\000e\000n\000c\000e}{chapter.5}% 195
\BOOKMARK [2][-]{subsection.5.25.1}{\376\377\0005\000.\0002\0005\000.\0001\000\040\000F\000u\000n\000c\000t\000i\000o\000n\000\040\000D\000o\000c\000u\000m\000e\000n\000t\000a\000t\000i\000o\000n}{section.5.25}% 196
\BOOKMARK [3][-]{subsubsection.5.25.1.1}{\376\377\0005\000.\0002\0005\000.\0001\000.\0001\000\040\000C\000r\000e\000a\000t\000e\000P\000i\000t\000u\000r\000e\000s\000A\000n\000d\000V\000i\000d\000e\000o\000\050\000\051}{subsection.5.25.1}% 197
\BOOKMARK [1][-]{section.5.26}{\376\377\0005\000.\0002\0006\000\040\000C\000r\000e\000a\000t\000e\000P\000i\000t\000u\000r\000e\000s\000A\000n\000d\000V\000i\000d\000e\000o\000\137\000t\000e\000x\000t\000u\000r\000e\000d\000.\000m\000\040\000F\000i\000l\000e\000\040\000R\000e\000f\000e\000r\000e\000n\000c\000e}{chapter.5}% 198
\BOOKMARK [2][-]{subsection.5.26.1}{\376\377\0005\000.\0002\0006\000.\0001\000\040\000F\000u\000n\000c\000t\000i\000o\000n\000\040\000D\000o\000c\000u\000m\000e\000n\000t\000a\000t\000i\000o\000n}{section.5.26}% 199
\BOOKMARK [3][-]{subsubsection.5.26.1.1}{\376\377\0005\000.\0002\0006\000.\0001\000.\0001\000\040\000C\000r\000e\000a\000t\000e\000P\000i\000t\000u\000r\000e\000s\000A\000n\000d\000V\000i\000d\000e\000o\000\137\000t\000e\000x\000t\000u\000r\000e\000d\000\050\000\051}{subsection.5.26.1}% 200
\BOOKMARK [1][-]{section.5.27}{\376\377\0005\000.\0002\0007\000\040\000f\000i\000g\000u\000r\000e\000\137\000L\000a\000b\000y\000.\000m\000\040\000F\000i\000l\000e\000\040\000R\000e\000f\000e\000r\000e\000n\000c\000e}{chapter.5}% 201
\BOOKMARK [2][-]{subsection.5.27.1}{\376\377\0005\000.\0002\0007\000.\0001\000\040\000F\000u\000n\000c\000t\000i\000o\000n\000\040\000D\000o\000c\000u\000m\000e\000n\000t\000a\000t\000i\000o\000n}{section.5.27}% 202
\BOOKMARK [3][-]{subsubsection.5.27.1.1}{\376\377\0005\000.\0002\0007\000.\0001\000.\0001\000\040\000c\000o\000n\000n\000e\000c\000t\000\137\000C\000a\000l\000l\000b\000a\000c\000k\000\050\000\051}{subsection.5.27.1}% 203
\BOOKMARK [3][-]{subsubsection.5.27.1.2}{\376\377\0005\000.\0002\0007\000.\0001\000.\0002\000\040\000c\000r\000e\000a\000t\000e\000U\000I\000E\000s\000c\000a\000p\000e\000\050\000\051}{subsection.5.27.1}% 204
\BOOKMARK [3][-]{subsubsection.5.27.1.3}{\376\377\0005\000.\0002\0007\000.\0001\000.\0003\000\040\000c\000r\000e\000a\000t\000e\000U\000I\000P\000a\000c\000m\000a\000n\000\050\000\051}{subsection.5.27.1}% 205
\BOOKMARK [3][-]{subsubsection.5.27.1.4}{\376\377\0005\000.\0002\0007\000.\0001\000.\0004\000\040\000c\000r\000e\000a\000t\000e\000U\000I\000W\000a\000l\000l\000s\000\050\000\051}{subsection.5.27.1}% 206
\BOOKMARK [3][-]{subsubsection.5.27.1.5}{\376\377\0005\000.\0002\0007\000.\0001\000.\0005\000\040\000f\000i\000g\000u\000r\000e\000\137\000L\000a\000b\000y\000\050\000\051}{subsection.5.27.1}% 207
\BOOKMARK [3][-]{subsubsection.5.27.1.6}{\376\377\0005\000.\0002\0007\000.\0001\000.\0006\000\040\000f\000i\000g\000u\000r\000e\000\137\000L\000a\000b\000y\000\137\000O\000p\000e\000n\000i\000n\000g\000F\000c\000n\000\050\000\051}{subsection.5.27.1}% 208
\BOOKMARK [3][-]{subsubsection.5.27.1.7}{\376\377\0005\000.\0002\0007\000.\0001\000.\0007\000\040\000f\000i\000g\000u\000r\000e\000\137\000L\000a\000b\000y\000\137\000O\000u\000t\000p\000u\000t\000F\000c\000n\000\050\000\051}{subsection.5.27.1}% 209
\BOOKMARK [3][-]{subsubsection.5.27.1.8}{\376\377\0005\000.\0002\0007\000.\0001\000.\0008\000\040\000i\000s\000O\000n\000e\000\050\000\051}{subsection.5.27.1}% 210
\BOOKMARK [3][-]{subsubsection.5.27.1.9}{\376\377\0005\000.\0002\0007\000.\0001\000.\0009\000\040\000r\000e\000s\000e\000t\000U\000I\000C\000o\000n\000n\000e\000c\000t\000i\000o\000n\000\050\000\051}{subsection.5.27.1}% 211
\BOOKMARK [3][-]{subsubsection.5.27.1.10}{\376\377\0005\000.\0002\0007\000.\0001\000.\0001\0000\000\040\000u\000i\000\137\000C\000a\000l\000l\000b\000a\000c\000k\000\050\000\051}{subsection.5.27.1}% 212
\BOOKMARK [3][-]{subsubsection.5.27.1.11}{\376\377\0005\000.\0002\0007\000.\0001\000.\0001\0001\000\040\000u\000p\000d\000a\000t\000e\000P\000r\000e\000s\000e\000n\000c\000e\000D\000e\000t\000e\000c\000t\000o\000r\000D\000i\000s\000p\000l\000a\000y\000\050\000\051}{subsection.5.27.1}% 213
\BOOKMARK [3][-]{subsubsection.5.27.1.12}{\376\377\0005\000.\0002\0007\000.\0001\000.\0001\0002\000\040\000u\000p\000d\000a\000t\000e\000U\000I\000\050\000\051}{subsection.5.27.1}% 214
\BOOKMARK [3][-]{subsubsection.5.27.1.13}{\376\377\0005\000.\0002\0007\000.\0001\000.\0001\0003\000\040\000u\000p\000d\000a\000t\000e\000U\000I\000A\000c\000t\000i\000v\000e\000C\000a\000m\000m\000a\000n\000d\000\050\000\051}{subsection.5.27.1}% 215
\BOOKMARK [3][-]{subsubsection.5.27.1.14}{\376\377\0005\000.\0002\0007\000.\0001\000.\0001\0004\000\040\000u\000p\000d\000a\000t\000e\000U\000I\000B\000u\000t\000t\000o\000n\000\050\000\051}{subsection.5.27.1}% 216
\BOOKMARK [3][-]{subsubsection.5.27.1.15}{\376\377\0005\000.\0002\0007\000.\0001\000.\0001\0005\000\040\000u\000p\000d\000a\000t\000e\000U\000I\000E\000s\000c\000a\000p\000e\000\050\000\051}{subsection.5.27.1}% 217
\BOOKMARK [3][-]{subsubsection.5.27.1.16}{\376\377\0005\000.\0002\0007\000.\0001\000.\0001\0006\000\040\000u\000p\000d\000a\000t\000e\000U\000I\000P\000l\000a\000y\000e\000r\000\050\000\051}{subsection.5.27.1}% 218
\BOOKMARK [3][-]{subsubsection.5.27.1.17}{\376\377\0005\000.\0002\0007\000.\0001\000.\0001\0007\000\040\000u\000p\000d\000a\000t\000e\000U\000I\000W\000a\000l\000l\000s\000\050\000\051}{subsection.5.27.1}% 219
\BOOKMARK [3][-]{subsubsection.5.27.1.18}{\376\377\0005\000.\0002\0007\000.\0001\000.\0001\0008\000\040\000u\000p\000d\000a\000t\000e\000U\000I\000W\000a\000l\000l\000s\000A\000r\000o\000u\000n\000d\000\050\000\051}{subsection.5.27.1}% 220
\BOOKMARK [1][-]{section.5.28}{\376\377\0005\000.\0002\0008\000\040\000M\000o\000d\000e\000l\000L\000a\000b\000y\000.\000m\000\040\000F\000i\000l\000e\000\040\000R\000e\000f\000e\000r\000e\000n\000c\000e}{chapter.5}% 221
\BOOKMARK [1][-]{section.5.29}{\376\377\0005\000.\0002\0009\000\040\000M\000o\000d\000e\000l\000P\000a\000c\000m\000a\000n\000.\000m\000\040\000F\000i\000l\000e\000\040\000R\000e\000f\000e\000r\000e\000n\000c\000e}{chapter.5}% 222
\BOOKMARK [1][-]{section.5.30}{\376\377\0005\000.\0003\0000\000\040\000M\000o\000d\000e\000l\000S\000E\000D\000.\000m\000\040\000F\000i\000l\000e\000\040\000R\000e\000f\000e\000r\000e\000n\000c\000e}{chapter.5}% 223
\BOOKMARK [1][-]{section.5.31}{\376\377\0005\000.\0003\0001\000\040\000M\000o\000d\000e\000l\000W\000a\000l\000l\000s\000.\000m\000\040\000F\000i\000l\000e\000\040\000R\000e\000f\000e\000r\000e\000n\000c\000e}{chapter.5}% 224
\BOOKMARK [1][-]{section.5.32}{\376\377\0005\000.\0003\0002\000\040\000s\000e\000t\000C\000o\000l\000o\000r\000.\000m\000\040\000F\000i\000l\000e\000\040\000R\000e\000f\000e\000r\000e\000n\000c\000e}{chapter.5}% 225
\BOOKMARK [2][-]{subsection.5.32.1}{\376\377\0005\000.\0003\0002\000.\0001\000\040\000F\000u\000n\000c\000t\000i\000o\000n\000\040\000D\000o\000c\000u\000m\000e\000n\000t\000a\000t\000i\000o\000n}{section.5.32}% 226
\BOOKMARK [3][-]{subsubsection.5.32.1.1}{\376\377\0005\000.\0003\0002\000.\0001\000.\0001\000\040\000s\000e\000t\000C\000o\000l\000o\000r\000\050\000\051}{subsection.5.32.1}% 227
\BOOKMARK [1][-]{section.5.33}{\376\377\0005\000.\0003\0003\000\040\000S\000i\000m\000u\000l\000a\000t\000i\000o\000n\000.\000m\000\040\000F\000i\000l\000e\000\040\000R\000e\000f\000e\000r\000e\000n\000c\000e}{chapter.5}% 228
\BOOKMARK [1][-]{section.5.34}{\376\377\0005\000.\0003\0004\000\040\000S\000t\000o\000p\000C\000o\000n\000d\000i\000t\000i\000o\000n\000.\000m\000\040\000F\000i\000l\000e\000\040\000R\000e\000f\000e\000r\000e\000n\000c\000e}{chapter.5}% 229
\BOOKMARK [1][-]{section.5.35}{\376\377\0005\000.\0003\0005\000\040\000t\000e\000s\000t\000U\000I\000.\000m\000\040\000F\000i\000l\000e\000\040\000R\000e\000f\000e\000r\000e\000n\000c\000e}{chapter.5}% 230
\BOOKMARK [1][-]{section.5.36}{\376\377\0005\000.\0003\0006\000\040\000T\000H\000E\000p\000l\000a\000n\000.\000m\000\040\000F\000i\000l\000e\000\040\000R\000e\000f\000e\000r\000e\000n\000c\000e}{chapter.5}% 231
\BOOKMARK [1][-]{section.5.37}{\376\377\0005\000.\0003\0007\000\040\000v\000i\000s\000u\000p\000a\000c\000m\000a\000n\000.\000m\000\040\000F\000i\000l\000e\000\040\000R\000e\000f\000e\000r\000e\000n\000c\000e}{chapter.5}% 232
\BOOKMARK [1][-]{section.5.38}{\376\377\0005\000.\0003\0008\000\040\000v\000i\000s\000u\000p\000a\000c\000m\000a\000n\0002\000.\000m\000\040\000F\000i\000l\000e\000\040\000R\000e\000f\000e\000r\000e\000n\000c\000e}{chapter.5}% 233
\BOOKMARK [1][-]{section.5.39}{\376\377\0005\000.\0003\0009\000\040\000w\000a\000l\000l\000s\000B\000o\000r\000d\000e\000r\000.\000m\000\040\000F\000i\000l\000e\000\040\000R\000e\000f\000e\000r\000e\000n\000c\000e}{chapter.5}% 234
\BOOKMARK [2][-]{subsection.5.39.1}{\376\377\0005\000.\0003\0009\000.\0001\000\040\000F\000u\000n\000c\000t\000i\000o\000n\000\040\000D\000o\000c\000u\000m\000e\000n\000t\000a\000t\000i\000o\000n}{section.5.39}% 235
\BOOKMARK [3][-]{subsubsection.5.39.1.1}{\376\377\0005\000.\0003\0009\000.\0001\000.\0001\000\040\000w\000a\000l\000l\000s\000B\000o\000r\000d\000e\000r\000\050\000\051}{subsection.5.39.1}% 236
\BOOKMARK [1][-]{section.5.40}{\376\377\0005\000.\0004\0000\000\040\000W\000r\000a\000p\000p\000e\000r\000.\000m\000\040\000F\000i\000l\000e\000\040\000R\000e\000f\000e\000r\000e\000n\000c\000e}{chapter.5}% 237
\BOOKMARK [0][-]{section*.67}{\376\377\000I\000n\000d\000e\000x}{}% 238
